Log file open, 04/17/19 14:28:31
LogWindows: Failed to load 'aqProf.dll' (GetLastError=126)
LogWindows: File 'aqProf.dll' does not exist
LogWindows: Failed to load 'VtuneApi.dll' (GetLastError=126)
LogWindows: File 'VtuneApi.dll' does not exist
LogWindows: Failed to load 'VtuneApi32e.dll' (GetLastError=126)
LogWindows: File 'VtuneApi32e.dll' does not exist
LogConsoleResponse: Display: Failed to find resolution value strings in scalability ini. Falling back to default.
LogInit: Display: Running engine for game: Flocking
LogPakFile: Registered encryption key '00000000000000000000000000000000': 0 pak files mounted, 0 remain pending
LogPlatformFile: Not using cached read wrapper
LogTaskGraph: Started task graph with 5 named threads and 35 total threads with 3 sets of task threads.
LogStats: Stats thread started at 0.387912
LogD3D11RHI: Loaded GFSDK_Aftermath_Lib.x64.dll
LogICUInternationalization: ICU TimeZone Detection - Raw Offset: +10:00, Platform Override: ''
LogPluginManager: Mounting plugin Paper2D
LogPluginManager: Mounting plugin AISupport
LogPluginManager: Mounting plugin LightPropagationVolume
LogPluginManager: Mounting plugin ActorLayerUtilities
LogPluginManager: Mounting plugin CLionSourceCodeAccess
LogPluginManager: Mounting plugin CodeLiteSourceCodeAccess
LogPluginManager: Mounting plugin GitSourceControl
LogPluginManager: Mounting plugin KDevelopSourceCodeAccess
LogPluginManager: Mounting plugin NullSourceCodeAccess
LogPluginManager: Mounting plugin PerforceSourceControl
LogPluginManager: Mounting plugin SubversionSourceControl
LogPluginManager: Mounting plugin UObjectPlugin
LogPluginManager: Mounting plugin VisualStudioCodeSourceCodeAccess
LogPluginManager: Mounting plugin VisualStudioSourceCodeAccess
LogPluginManager: Mounting plugin XCodeSourceCodeAccess
LogPluginManager: Mounting plugin AssetManagerEditor
LogPluginManager: Mounting plugin CryptoKeys
LogPluginManager: Mounting plugin DataValidation
LogPluginManager: Mounting plugin FacialAnimation
LogPluginManager: Mounting plugin GameplayTagsEditor
LogPluginManager: Mounting plugin MacGraphicsSwitching
LogPluginManager: Mounting plugin MeshEditor
LogPluginManager: Mounting plugin MobileLauncherProfileWizard
LogPluginManager: Mounting plugin PluginBrowser
LogPluginManager: Mounting plugin SpeedTreeImporter
LogPluginManager: Mounting plugin DatasmithContent
LogPluginManager: Mounting plugin VariantManagerContent
LogPluginManager: Mounting plugin AlembicImporter
LogPluginManager: Mounting plugin AppleImageUtils
LogPluginManager: Mounting plugin AppleVision
LogPluginManager: Mounting plugin BackChannel
LogPluginManager: Mounting plugin CharacterAI
LogPluginManager: Mounting plugin GeometryCache
LogPluginManager: Mounting plugin HTML5Networking
LogPluginManager: Mounting plugin ProxyLODPlugin
LogPluginManager: Mounting plugin MagicLeap
LogPluginManager: Mounting plugin MagicLeapMedia
LogPluginManager: Mounting plugin AndroidMedia
LogPluginManager: Mounting plugin AvfMedia
LogPluginManager: Mounting plugin ImgMedia
LogPluginManager: Mounting plugin LinearTimecode
LogPluginManager: Mounting plugin MediaCompositing
LogPluginManager: Mounting plugin MediaPlayerEditor
LogPluginManager: Mounting plugin WebMMedia
LogPluginManager: Mounting plugin WmfMedia
LogPluginManager: Mounting plugin TcpMessaging
LogPluginManager: Mounting plugin UdpMessaging
LogPluginManager: Mounting plugin ActorSequence
LogPluginManager: Mounting plugin LevelSequenceEditor
LogPluginManager: Mounting plugin MatineeToLevelSequence
LogPluginManager: Mounting plugin NetcodeUnitTest
LogPluginManager: Mounting plugin NUTUnrealEngine4
LogPluginManager: Mounting plugin OnlineSubsystemGooglePlay
LogPluginManager: Mounting plugin OnlineSubsystemIOS
LogPluginManager: Mounting plugin OnlineSubsystem
LogPluginManager: Mounting plugin OnlineSubsystemNull
LogPluginManager: Mounting plugin OnlineSubsystemUtils
LogPluginManager: Mounting plugin LauncherChunkInstaller
LogPluginManager: Mounting plugin AndroidDeviceProfileSelector
LogPluginManager: Mounting plugin AndroidMoviePlayer
LogPluginManager: Mounting plugin AndroidPermission
LogPluginManager: Mounting plugin AppleMoviePlayer
LogPluginManager: Mounting plugin ArchVisCharacter
LogPluginManager: Mounting plugin AudioCapture
LogPluginManager: Mounting plugin CableComponent
LogPluginManager: Mounting plugin CustomMeshComponent
LogPluginManager: Mounting plugin EditableMesh
LogPluginManager: Mounting plugin ExampleDeviceProfileSelector
LogPluginManager: Mounting plugin Firebase
LogPluginManager: Mounting plugin GoogleCloudMessaging
LogPluginManager: Mounting plugin IOSDeviceProfileSelector
LogPluginManager: Mounting plugin LinuxDeviceProfileSelector
LogPluginManager: Mounting plugin LocationServicesBPLibrary
LogPluginManager: Mounting plugin MobilePatchingUtils
LogPluginManager: Mounting plugin OculusVR
LogPluginManager: Mounting plugin PhysXVehicles
LogPluginManager: Mounting plugin ProceduralMeshComponent
LogPluginManager: Mounting plugin RuntimePhysXCooking
LogPluginManager: Mounting plugin SteamVR
LogPluginManager: Mounting plugin WebMMoviePlayer
LogPluginManager: Mounting plugin WindowsMoviePlayer
LogStreaming: Display: Took  0.066s to configure plugins.
LogInit: Using libcurl 7.55.1-DEV
LogInit:  - built for x86_64-pc-win32
LogInit:  - supports SSL with OpenSSL/1.0.2h
LogInit:  - supports HTTP deflate (compression) using libz 1.2.8
LogInit:  - other features:
LogInit:      CURL_VERSION_SSL
LogInit:      CURL_VERSION_LIBZ
LogInit:      CURL_VERSION_IPV6
LogInit:      CURL_VERSION_ASYNCHDNS
LogInit:      CURL_VERSION_LARGEFILE
LogInit:      CURL_VERSION_IDN
LogInit:  CurlRequestOptions (configurable via config and command line):
LogInit:  - bVerifyPeer = true  - Libcurl will verify peer certificate
LogInit:  - bUseHttpProxy = false  - Libcurl will NOT use HTTP proxy
LogInit:  - bDontReuseConnections = false  - Libcurl will reuse connections
LogInit:  - MaxHostConnections = 16  - Libcurl will limit the number of connections to a host
LogInit:  - LocalHostAddr = Default
LogInit:  - BufferSize = 65536
LogInit: WinSock: version 1.1 (2.2), MaxSocks=32767, MaxUdp=65467
LogInit: Build: ++UE4+Release-4.21-CL-4753647
LogInit: Engine Version: 4.21.2-4753647+++UE4+Release-4.21
LogInit: Compatible Engine Version: 4.21.0-4541578+++UE4+Release-4.21
LogInit: Net CL: 4541578
LogInit: OS: Windows 10 (), CPU: Intel(R) Core(TM) i7-8750H CPU @ 2.20GHz, GPU: Intel(R) UHD Graphics 630
LogInit: Compiled (64-bit): Jan 19 2019 02:07:31
LogInit: Compiled with Visual C++: 19.13.26129.00
LogInit: Build Configuration: Development
LogInit: Branch Name: ++UE4+Release-4.21
LogInit: Command Line: 
LogInit: Base Directory: D:/Unreal Engine/UE_4.21/Engine/Binaries/Win64/
LogInit: Installed Engine Build: 1
LogDevObjectVersion: Number of dev versions registered: 22
LogDevObjectVersion:   Dev-Blueprints (B0D832E4-1F89-4F0D-ACCF-7EB736FD4AA2): 10
LogDevObjectVersion:   Dev-Build (E1C64328-A22C-4D53-A36C-8E866417BD8C): 0
LogDevObjectVersion:   Dev-Core (375EC13C-06E4-48FB-B500-84F0262A717E): 2
LogDevObjectVersion:   Dev-Editor (E4B068ED-F494-42E9-A231-DA0B2E46BB41): 26
LogDevObjectVersion:   Dev-Framework (CFFC743F-43B0-4480-9391-14DF171D2073): 34
LogDevObjectVersion:   Dev-Mobile (B02B49B5-BB20-44E9-A304-32B752E40360): 2
LogDevObjectVersion:   Dev-Networking (A4E4105C-59A1-49B5-A7C5-40C4547EDFEE): 0
LogDevObjectVersion:   Dev-Online (39C831C9-5AE6-47DC-9A44-9C173E1C8E7C): 0
LogDevObjectVersion:   Dev-Physics (78F01B33-EBEA-4F98-B9B4-84EACCB95AA2): 0
LogDevObjectVersion:   Dev-Platform (6631380F-2D4D-43E0-8009-CF276956A95A): 0
LogDevObjectVersion:   Dev-Rendering (12F88B9F-8875-4AFC-A67C-D90C383ABD29): 27
LogDevObjectVersion:   Dev-Sequencer (7B5AE74C-D270-4C10-A958-57980B212A5A): 9
LogDevObjectVersion:   Dev-VR (D7296918-1DD6-4BDD-9DE2-64A83CC13884): 2
LogDevObjectVersion:   Dev-LoadTimes (C2A15278-BFE7-4AFE-6C17-90FF531DF755): 1
LogDevObjectVersion:   Private-Geometry (6EACA3D4-40EC-4CC1-B786-8BED09428FC5): 3
LogDevObjectVersion:   Dev-AnimPhys (29E575DD-E0A3-4627-9D10-D276232CDCEA): 17
LogDevObjectVersion:   Dev-Anim (AF43A65D-7FD3-4947-9873-3E8ED9C1BB05): 2
LogDevObjectVersion:   Dev-ReflectionCapture (6B266CEC-1EC7-4B8F-A30B-E4D90942FC07): 1
LogDevObjectVersion:   Dev-Automation (0DF73D61-A23F-47EA-B727-89E90C41499A): 1
LogDevObjectVersion:   FortniteMain (601D1886-AC64-4F84-AA16-D3DE0DEAC7D6): 17
LogDevObjectVersion:   Dev-Enterprise (9DFFBCD6-494F-0158-E221-12823C92A888): 4
LogDevObjectVersion:   Dev-Niagara (F2AED0AC-9AFE-416F-8664-AA7FFA26D6FC): 1
LogStreaming: Display: Took  0.000s to delete old logs.
LogInit: Presizing for max 8388607 objects, including 0 objects not considered by GC, pre-allocating 0 bytes for permanent pool.
LogInit: Object subsystem initialized
LogConfig: Setting CVar [[con.DebugEarlyDefault:1]]
LogConfig: Setting CVar [[r.setres:1280x720]]
[2019.04.17-04.28.32:135][  0]LogConfig: Setting CVar [[r.VSync:0]]
[2019.04.17-04.28.32:135][  0]LogConfig: Setting CVar [[r.RHICmdBypass:0]]
[2019.04.17-04.28.32:135][  0]LogConfig: Applying CVar settings from Section [/Script/Engine.RendererSettings] File [C:/Users/DELL/Documents/Unreal Projects/Flocking/Saved/Config/Windows/Engine.ini]
[2019.04.17-04.28.32:135][  0]LogConfig: Setting CVar [[r.GPUCrashDebugging:0]]
[2019.04.17-04.28.32:135][  0]LogConfig: Applying CVar settings from Section [/Script/Engine.RendererOverrideSettings] File [C:/Users/DELL/Documents/Unreal Projects/Flocking/Saved/Config/Windows/Engine.ini]
[2019.04.17-04.28.32:135][  0]LogConfig: Applying CVar settings from Section [/Script/Engine.StreamingSettings] File [C:/Users/DELL/Documents/Unreal Projects/Flocking/Saved/Config/Windows/Engine.ini]
[2019.04.17-04.28.32:135][  0]LogConfig: Setting CVar [[s.MinBulkDataSizeForAsyncLoading:131072]]
[2019.04.17-04.28.32:135][  0]LogConfig: Setting CVar [[s.AsyncLoadingThreadEnabled:0]]
[2019.04.17-04.28.32:135][  0]LogConfig: Setting CVar [[s.EventDrivenLoaderEnabled:1]]
[2019.04.17-04.28.32:135][  0]LogConfig: Setting CVar [[s.WarnIfTimeLimitExceeded:0]]
[2019.04.17-04.28.32:136][  0]LogConfig: Setting CVar [[s.TimeLimitExceededMultiplier:1.5]]
[2019.04.17-04.28.32:136][  0]LogConfig: Setting CVar [[s.TimeLimitExceededMinTime:0.005]]
[2019.04.17-04.28.32:136][  0]LogConfig: Setting CVar [[s.UseBackgroundLevelStreaming:1]]
[2019.04.17-04.28.32:136][  0]LogConfig: Setting CVar [[s.PriorityAsyncLoadingExtraTime:15.0]]
[2019.04.17-04.28.32:136][  0]LogConfig: Setting CVar [[s.LevelStreamingActorsUpdateTimeLimit:5.0]]
[2019.04.17-04.28.32:136][  0]LogConfig: Setting CVar [[s.PriorityLevelStreamingActorsUpdateExtraTime:5.0]]
[2019.04.17-04.28.32:136][  0]LogConfig: Setting CVar [[s.LevelStreamingComponentsRegistrationGranularity:10]]
[2019.04.17-04.28.32:136][  0]LogConfig: Setting CVar [[s.UnregisterComponentsTimeLimit:1.0]]
[2019.04.17-04.28.32:136][  0]LogConfig: Setting CVar [[s.LevelStreamingComponentsUnregistrationGranularity:5]]
[2019.04.17-04.28.32:136][  0]LogConfig: Applying CVar settings from Section [/Script/Engine.GarbageCollectionSettings] File [C:/Users/DELL/Documents/Unreal Projects/Flocking/Saved/Config/Windows/Engine.ini]
[2019.04.17-04.28.32:136][  0]LogConfig: Setting CVar [[gc.MaxObjectsNotConsideredByGC:1]]
[2019.04.17-04.28.32:136][  0]LogConfig: Setting CVar [[gc.SizeOfPermanentObjectPool:0]]
[2019.04.17-04.28.32:136][  0]LogConfig: Setting CVar [[gc.FlushStreamingOnGC:0]]
[2019.04.17-04.28.32:136][  0]LogConfig: Setting CVar [[gc.NumRetriesBeforeForcingGC:10]]
[2019.04.17-04.28.32:136][  0]LogConfig: Setting CVar [[gc.AllowParallelGC:1]]
[2019.04.17-04.28.32:136][  0]LogConfig: Setting CVar [[gc.TimeBetweenPurgingPendingKillObjects:61.1]]
[2019.04.17-04.28.32:136][  0]LogConfig: Setting CVar [[gc.MaxObjectsInEditor:8388607]]
[2019.04.17-04.28.32:136][  0]LogConfig: Setting CVar [[gc.IncrementalBeginDestroyEnabled:1]]
[2019.04.17-04.28.32:136][  0]LogConfig: Setting CVar [[gc.CreateGCClusters:1]]
[2019.04.17-04.28.32:136][  0]LogConfig: Setting CVar [[gc.MergeGCClusters:0]]
[2019.04.17-04.28.32:137][  0]LogConfig: Setting CVar [[gc.MinGCClusterSize:5]]
[2019.04.17-04.28.32:137][  0]LogConfig: Setting CVar [[gc.ActorClusteringEnabled:0]]
[2019.04.17-04.28.32:137][  0]LogConfig: Setting CVar [[gc.BlueprintClusteringEnabled:0]]
[2019.04.17-04.28.32:137][  0]LogConfig: Setting CVar [[gc.UseDisregardForGCOnDedicatedServers:0]]
[2019.04.17-04.28.32:137][  0]LogConfig: Applying CVar settings from Section [/Script/Engine.NetworkSettings] File [C:/Users/DELL/Documents/Unreal Projects/Flocking/Saved/Config/Windows/Engine.ini]
[2019.04.17-04.28.32:137][  0]LogConfig: Applying CVar settings from Section [/Script/UnrealEd.CookerSettings] File [C:/Users/DELL/Documents/Unreal Projects/Flocking/Saved/Config/Windows/Engine.ini]
[2019.04.17-04.28.32:145][  0]LogConfig: Applying CVar settings from Section [ViewDistanceQuality@3] File [C:/Users/DELL/Documents/Unreal Projects/Flocking/Saved/Config/Windows/Scalability.ini]
[2019.04.17-04.28.32:145][  0]LogConfig: Setting CVar [[r.SkeletalMeshLODBias:0]]
[2019.04.17-04.28.32:145][  0]LogConfig: Setting CVar [[r.ViewDistanceScale:1.0]]
[2019.04.17-04.28.32:145][  0]LogConfig: Applying CVar settings from Section [AntiAliasingQuality@3] File [C:/Users/DELL/Documents/Unreal Projects/Flocking/Saved/Config/Windows/Scalability.ini]
[2019.04.17-04.28.32:145][  0]LogConfig: Setting CVar [[r.PostProcessAAQuality:4]]
[2019.04.17-04.28.32:145][  0]LogConfig: Applying CVar settings from Section [ShadowQuality@3] File [C:/Users/DELL/Documents/Unreal Projects/Flocking/Saved/Config/Windows/Scalability.ini]
[2019.04.17-04.28.32:145][  0]LogConfig: Setting CVar [[r.LightFunctionQuality:1]]
[2019.04.17-04.28.32:145][  0]LogConfig: Setting CVar [[r.ShadowQuality:5]]
[2019.04.17-04.28.32:145][  0]LogConfig: Setting CVar [[r.Shadow.CSM.MaxCascades:10]]
[2019.04.17-04.28.32:145][  0]LogConfig: Setting CVar [[r.Shadow.MaxResolution:2048]]
[2019.04.17-04.28.32:145][  0]LogConfig: Setting CVar [[r.Shadow.MaxCSMResolution:2048]]
[2019.04.17-04.28.32:145][  0]LogConfig: Setting CVar [[r.Shadow.RadiusThreshold:0.01]]
[2019.04.17-04.28.32:145][  0]LogConfig: Setting CVar [[r.Shadow.DistanceScale:1.0]]
[2019.04.17-04.28.32:145][  0]LogConfig: Setting CVar [[r.Shadow.CSM.TransitionScale:1.0]]
[2019.04.17-04.28.32:145][  0]LogConfig: Setting CVar [[r.Shadow.PreShadowResolutionFactor:1.0]]
[2019.04.17-04.28.32:145][  0]LogConfig: Setting CVar [[r.DistanceFieldShadowing:1]]
[2019.04.17-04.28.32:145][  0]LogConfig: Setting CVar [[r.DistanceFieldAO:1]]
[2019.04.17-04.28.32:145][  0]LogConfig: Setting CVar [[r.AOQuality:2]]
[2019.04.17-04.28.32:146][  0]LogConfig: Setting CVar [[r.VolumetricFog:1]]
[2019.04.17-04.28.32:146][  0]LogConfig: Setting CVar [[r.VolumetricFog.GridPixelSize:8]]
[2019.04.17-04.28.32:146][  0]LogConfig: Setting CVar [[r.VolumetricFog.GridSizeZ:128]]
[2019.04.17-04.28.32:146][  0]LogConfig: Setting CVar [[r.VolumetricFog.HistoryMissSupersampleCount:4]]
[2019.04.17-04.28.32:146][  0]LogConfig: Setting CVar [[r.LightMaxDrawDistanceScale:1]]
[2019.04.17-04.28.32:146][  0]LogConfig: Setting CVar [[r.CapsuleShadows:1]]
[2019.04.17-04.28.32:146][  0]LogConfig: Applying CVar settings from Section [PostProcessQuality@3] File [C:/Users/DELL/Documents/Unreal Projects/Flocking/Saved/Config/Windows/Scalability.ini]
[2019.04.17-04.28.32:146][  0]LogConfig: Setting CVar [[r.MotionBlurQuality:4]]
[2019.04.17-04.28.32:146][  0]LogConfig: Setting CVar [[r.AmbientOcclusionMipLevelFactor:0.4]]
[2019.04.17-04.28.32:146][  0]LogConfig: Setting CVar [[r.AmbientOcclusionMaxQuality:100]]
[2019.04.17-04.28.32:146][  0]LogConfig: Setting CVar [[r.AmbientOcclusionLevels:-1]]
[2019.04.17-04.28.32:146][  0]LogConfig: Setting CVar [[r.AmbientOcclusionRadiusScale:1.0]]
[2019.04.17-04.28.32:146][  0]LogConfig: Setting CVar [[r.DepthOfFieldQuality:2]]
[2019.04.17-04.28.32:146][  0]LogConfig: Setting CVar [[r.RenderTargetPoolMin:400]]
[2019.04.17-04.28.32:146][  0]LogConfig: Setting CVar [[r.LensFlareQuality:2]]
[2019.04.17-04.28.32:146][  0]LogConfig: Setting CVar [[r.SceneColorFringeQuality:1]]
[2019.04.17-04.28.32:146][  0]LogConfig: Setting CVar [[r.EyeAdaptationQuality:2]]
[2019.04.17-04.28.32:146][  0]LogConfig: Setting CVar [[r.BloomQuality:5]]
[2019.04.17-04.28.32:146][  0]LogConfig: Setting CVar [[r.FastBlurThreshold:100]]
[2019.04.17-04.28.32:147][  0]LogConfig: Setting CVar [[r.Upscale.Quality:3]]
[2019.04.17-04.28.32:147][  0]LogConfig: Setting CVar [[r.Tonemapper.GrainQuantization:1]]
[2019.04.17-04.28.32:147][  0]LogConfig: Setting CVar [[r.LightShaftQuality:1]]
[2019.04.17-04.28.32:147][  0]LogConfig: Setting CVar [[r.Filter.SizeScale:1]]
[2019.04.17-04.28.32:147][  0]LogConfig: Setting CVar [[r.Tonemapper.Quality:5]]
[2019.04.17-04.28.32:147][  0]LogConfig: Setting CVar [[r.DOF.Gather.AccumulatorQuality:1        ; higher gathering accumulator quality]]
[2019.04.17-04.28.32:147][  0]LogConfig: Setting CVar [[r.DOF.Gather.PostfilterMethod:1          ; Median3x3 postfilering method]]
[2019.04.17-04.28.32:147][  0]LogConfig: Setting CVar [[r.DOF.Gather.EnableBokehSettings:0       ; no bokeh simulation when gathering]]
[2019.04.17-04.28.32:147][  0]LogConfig: Setting CVar [[r.DOF.Gather.RingCount:4                 ; medium number of samples when gathering]]
[2019.04.17-04.28.32:147][  0]LogConfig: Setting CVar [[r.DOF.Scatter.ForegroundCompositing:1    ; additive foreground scattering]]
[2019.04.17-04.28.32:147][  0]LogConfig: Setting CVar [[r.DOF.Scatter.BackgroundCompositing:2    ; additive background scattering]]
[2019.04.17-04.28.32:147][  0]LogConfig: Setting CVar [[r.DOF.Scatter.EnableBokehSettings:1      ; bokeh simulation when scattering]]
[2019.04.17-04.28.32:147][  0]LogConfig: Setting CVar [[r.DOF.Scatter.MaxSpriteRatio:0.1         ; only a maximum of 10% of scattered bokeh]]
[2019.04.17-04.28.32:147][  0]LogConfig: Setting CVar [[r.DOF.Recombine.Quality:1                ; cheap slight out of focus]]
[2019.04.17-04.28.32:147][  0]LogConfig: Setting CVar [[r.DOF.Recombine.EnableBokehSettings:0    ; no bokeh simulation on slight out of focus]]
[2019.04.17-04.28.32:147][  0]LogConfig: Setting CVar [[r.DOF.TemporalAAQuality:1                ; more stable temporal accumulation]]
[2019.04.17-04.28.32:147][  0]LogConfig: Setting CVar [[r.DOF.Kernel.MaxForegroundRadius:0.025]]
[2019.04.17-04.28.32:147][  0]LogConfig: Setting CVar [[r.DOF.Kernel.MaxBackgroundRadius:0.025]]
[2019.04.17-04.28.32:147][  0]LogConfig: Applying CVar settings from Section [TextureQuality@3] File [C:/Users/DELL/Documents/Unreal Projects/Flocking/Saved/Config/Windows/Scalability.ini]
[2019.04.17-04.28.32:147][  0]LogConfig: Setting CVar [[r.Streaming.MipBias:0]]
[2019.04.17-04.28.32:147][  0]LogConfig: Setting CVar [[r.Streaming.AmortizeCPUToGPUCopy:0]]
[2019.04.17-04.28.32:148][  0]LogConfig: Setting CVar [[r.Streaming.MaxNumTexturesToStreamPerFrame:0]]
[2019.04.17-04.28.32:148][  0]LogConfig: Setting CVar [[r.Streaming.Boost:1]]
[2019.04.17-04.28.32:148][  0]LogConfig: Setting CVar [[r.MaxAnisotropy:8]]
[2019.04.17-04.28.32:148][  0]LogConfig: Setting CVar [[r.Streaming.LimitPoolSizeToVRAM:0]]
[2019.04.17-04.28.32:148][  0]LogConfig: Setting CVar [[r.Streaming.PoolSize:1000]]
[2019.04.17-04.28.32:148][  0]LogConfig: Setting CVar [[r.Streaming.MaxEffectiveScreenSize:0]]
[2019.04.17-04.28.32:148][  0]LogConfig: Applying CVar settings from Section [EffectsQuality@3] File [C:/Users/DELL/Documents/Unreal Projects/Flocking/Saved/Config/Windows/Scalability.ini]
[2019.04.17-04.28.32:148][  0]LogConfig: Setting CVar [[r.TranslucencyLightingVolumeDim:64]]
[2019.04.17-04.28.32:148][  0]LogConfig: Setting CVar [[r.RefractionQuality:2]]
[2019.04.17-04.28.32:148][  0]LogConfig: Setting CVar [[r.SSR.Quality:3]]
[2019.04.17-04.28.32:148][  0]LogConfig: Setting CVar [[r.SceneColorFormat:4]]
[2019.04.17-04.28.32:148][  0]LogConfig: Setting CVar [[r.DetailMode:2]]
[2019.04.17-04.28.32:148][  0]LogConfig: Setting CVar [[r.TranslucencyVolumeBlur:1]]
[2019.04.17-04.28.32:148][  0]LogConfig: Setting CVar [[r.MaterialQualityLevel:1 ; High quality]]
[2019.04.17-04.28.32:148][  0]LogConfig: Setting CVar [[r.SSS.Scale:1]]
[2019.04.17-04.28.32:148][  0]LogConfig: Setting CVar [[r.SSS.SampleSet:2]]
[2019.04.17-04.28.32:148][  0]LogConfig: Setting CVar [[r.SSS.Quality:1]]
[2019.04.17-04.28.32:148][  0]LogConfig: Setting CVar [[r.SSS.HalfRes:1]]
[2019.04.17-04.28.32:148][  0]LogConfig: Setting CVar [[r.EmitterSpawnRateScale:1.0]]
[2019.04.17-04.28.32:148][  0]LogConfig: Setting CVar [[r.ParticleLightQuality:2]]
[2019.04.17-04.28.32:149][  0]LogConfig: Applying CVar settings from Section [FoliageQuality@3] File [C:/Users/DELL/Documents/Unreal Projects/Flocking/Saved/Config/Windows/Scalability.ini]
[2019.04.17-04.28.32:149][  0]LogConfig: Setting CVar [[foliage.DensityScale:1.0]]
[2019.04.17-04.28.32:149][  0]LogConfig: Setting CVar [[grass.DensityScale:1.0]]
[2019.04.17-04.28.32:149][  0]LogInit: Selected Device Profile: [Windows]
[2019.04.17-04.28.32:149][  0]LogInit: Applying CVar settings loaded from the selected device profile: [Windows]
[2019.04.17-04.28.32:165][  0]LogHAL: Display: Platform has ~ 8 GB [8315154432 / 8589934592 / 8], which maps to Default [LargestMinGB=32, LargerMinGB=12, DefaultMinGB=8, SmallerMinGB=6, SmallestMinGB=0)
[2019.04.17-04.28.32:165][  0]LogConfig: Setting CVar [[r.Vulkan.UseRealUBs:1]]
[2019.04.17-04.28.32:165][  0]LogInit: Going up to parent DeviceProfile []
[2019.04.17-04.28.32:166][  0]LogConfig: Applying CVar settings from Section [ViewDistanceQuality@3] File [C:/Users/DELL/Documents/Unreal Projects/Flocking/Saved/Config/Windows/Scalability.ini]
[2019.04.17-04.28.32:166][  0]LogConfig: Setting CVar [[r.SkeletalMeshLODBias:0]]
[2019.04.17-04.28.32:166][  0]LogConfig: Setting CVar [[r.ViewDistanceScale:1.0]]
[2019.04.17-04.28.32:166][  0]LogConfig: Applying CVar settings from Section [AntiAliasingQuality@3] File [C:/Users/DELL/Documents/Unreal Projects/Flocking/Saved/Config/Windows/Scalability.ini]
[2019.04.17-04.28.32:166][  0]LogConfig: Setting CVar [[r.PostProcessAAQuality:4]]
[2019.04.17-04.28.32:166][  0]LogConfig: Applying CVar settings from Section [ShadowQuality@3] File [C:/Users/DELL/Documents/Unreal Projects/Flocking/Saved/Config/Windows/Scalability.ini]
[2019.04.17-04.28.32:166][  0]LogConfig: Setting CVar [[r.LightFunctionQuality:1]]
[2019.04.17-04.28.32:166][  0]LogConfig: Setting CVar [[r.ShadowQuality:5]]
[2019.04.17-04.28.32:166][  0]LogConfig: Setting CVar [[r.Shadow.CSM.MaxCascades:10]]
[2019.04.17-04.28.32:166][  0]LogConfig: Setting CVar [[r.Shadow.MaxResolution:2048]]
[2019.04.17-04.28.32:166][  0]LogConfig: Setting CVar [[r.Shadow.MaxCSMResolution:2048]]
[2019.04.17-04.28.32:166][  0]LogConfig: Setting CVar [[r.Shadow.RadiusThreshold:0.01]]
[2019.04.17-04.28.32:166][  0]LogConfig: Setting CVar [[r.Shadow.DistanceScale:1.0]]
[2019.04.17-04.28.32:166][  0]LogConfig: Setting CVar [[r.Shadow.CSM.TransitionScale:1.0]]
[2019.04.17-04.28.32:166][  0]LogConfig: Setting CVar [[r.Shadow.PreShadowResolutionFactor:1.0]]
[2019.04.17-04.28.32:166][  0]LogConfig: Setting CVar [[r.DistanceFieldShadowing:1]]
[2019.04.17-04.28.32:166][  0]LogConfig: Setting CVar [[r.DistanceFieldAO:1]]
[2019.04.17-04.28.32:166][  0]LogConfig: Setting CVar [[r.AOQuality:2]]
[2019.04.17-04.28.32:166][  0]LogConfig: Setting CVar [[r.VolumetricFog:1]]
[2019.04.17-04.28.32:166][  0]LogConfig: Setting CVar [[r.VolumetricFog.GridPixelSize:8]]
[2019.04.17-04.28.32:166][  0]LogConfig: Setting CVar [[r.VolumetricFog.GridSizeZ:128]]
[2019.04.17-04.28.32:166][  0]LogConfig: Setting CVar [[r.VolumetricFog.HistoryMissSupersampleCount:4]]
[2019.04.17-04.28.32:166][  0]LogConfig: Setting CVar [[r.LightMaxDrawDistanceScale:1]]
[2019.04.17-04.28.32:166][  0]LogConfig: Setting CVar [[r.CapsuleShadows:1]]
[2019.04.17-04.28.32:166][  0]LogConfig: Applying CVar settings from Section [PostProcessQuality@3] File [C:/Users/DELL/Documents/Unreal Projects/Flocking/Saved/Config/Windows/Scalability.ini]
[2019.04.17-04.28.32:166][  0]LogConfig: Setting CVar [[r.MotionBlurQuality:4]]
[2019.04.17-04.28.32:166][  0]LogConfig: Setting CVar [[r.AmbientOcclusionMipLevelFactor:0.4]]
[2019.04.17-04.28.32:166][  0]LogConfig: Setting CVar [[r.AmbientOcclusionMaxQuality:100]]
[2019.04.17-04.28.32:166][  0]LogConfig: Setting CVar [[r.AmbientOcclusionLevels:-1]]
[2019.04.17-04.28.32:166][  0]LogConfig: Setting CVar [[r.AmbientOcclusionRadiusScale:1.0]]
[2019.04.17-04.28.32:166][  0]LogConfig: Setting CVar [[r.DepthOfFieldQuality:2]]
[2019.04.17-04.28.32:166][  0]LogConfig: Setting CVar [[r.RenderTargetPoolMin:400]]
[2019.04.17-04.28.32:166][  0]LogConfig: Setting CVar [[r.LensFlareQuality:2]]
[2019.04.17-04.28.32:166][  0]LogConfig: Setting CVar [[r.SceneColorFringeQuality:1]]
[2019.04.17-04.28.32:166][  0]LogConfig: Setting CVar [[r.EyeAdaptationQuality:2]]
[2019.04.17-04.28.32:166][  0]LogConfig: Setting CVar [[r.BloomQuality:5]]
[2019.04.17-04.28.32:166][  0]LogConfig: Setting CVar [[r.FastBlurThreshold:100]]
[2019.04.17-04.28.32:166][  0]LogConfig: Setting CVar [[r.Upscale.Quality:3]]
[2019.04.17-04.28.32:166][  0]LogConfig: Setting CVar [[r.Tonemapper.GrainQuantization:1]]
[2019.04.17-04.28.32:166][  0]LogConfig: Setting CVar [[r.LightShaftQuality:1]]
[2019.04.17-04.28.32:166][  0]LogConfig: Setting CVar [[r.Filter.SizeScale:1]]
[2019.04.17-04.28.32:166][  0]LogConfig: Setting CVar [[r.Tonemapper.Quality:5]]
[2019.04.17-04.28.32:166][  0]LogConfig: Setting CVar [[r.DOF.Gather.AccumulatorQuality:1        ; higher gathering accumulator quality]]
[2019.04.17-04.28.32:166][  0]LogConfig: Setting CVar [[r.DOF.Gather.PostfilterMethod:1          ; Median3x3 postfilering method]]
[2019.04.17-04.28.32:166][  0]LogConfig: Setting CVar [[r.DOF.Gather.EnableBokehSettings:0       ; no bokeh simulation when gathering]]
[2019.04.17-04.28.32:166][  0]LogConfig: Setting CVar [[r.DOF.Gather.RingCount:4                 ; medium number of samples when gathering]]
[2019.04.17-04.28.32:166][  0]LogConfig: Setting CVar [[r.DOF.Scatter.ForegroundCompositing:1    ; additive foreground scattering]]
[2019.04.17-04.28.32:166][  0]LogConfig: Setting CVar [[r.DOF.Scatter.BackgroundCompositing:2    ; additive background scattering]]
[2019.04.17-04.28.32:166][  0]LogConfig: Setting CVar [[r.DOF.Scatter.EnableBokehSettings:1      ; bokeh simulation when scattering]]
[2019.04.17-04.28.32:166][  0]LogConfig: Setting CVar [[r.DOF.Scatter.MaxSpriteRatio:0.1         ; only a maximum of 10% of scattered bokeh]]
[2019.04.17-04.28.32:166][  0]LogConfig: Setting CVar [[r.DOF.Recombine.Quality:1                ; cheap slight out of focus]]
[2019.04.17-04.28.32:166][  0]LogConfig: Setting CVar [[r.DOF.Recombine.EnableBokehSettings:0    ; no bokeh simulation on slight out of focus]]
[2019.04.17-04.28.32:166][  0]LogConfig: Setting CVar [[r.DOF.TemporalAAQuality:1                ; more stable temporal accumulation]]
[2019.04.17-04.28.32:166][  0]LogConfig: Setting CVar [[r.DOF.Kernel.MaxForegroundRadius:0.025]]
[2019.04.17-04.28.32:166][  0]LogConfig: Setting CVar [[r.DOF.Kernel.MaxBackgroundRadius:0.025]]
[2019.04.17-04.28.32:166][  0]LogConfig: Applying CVar settings from Section [TextureQuality@3] File [C:/Users/DELL/Documents/Unreal Projects/Flocking/Saved/Config/Windows/Scalability.ini]
[2019.04.17-04.28.32:166][  0]LogConfig: Setting CVar [[r.Streaming.MipBias:0]]
[2019.04.17-04.28.32:166][  0]LogConfig: Setting CVar [[r.Streaming.AmortizeCPUToGPUCopy:0]]
[2019.04.17-04.28.32:166][  0]LogConfig: Setting CVar [[r.Streaming.MaxNumTexturesToStreamPerFrame:0]]
[2019.04.17-04.28.32:166][  0]LogConfig: Setting CVar [[r.Streaming.Boost:1]]
[2019.04.17-04.28.32:166][  0]LogConfig: Setting CVar [[r.MaxAnisotropy:8]]
[2019.04.17-04.28.32:166][  0]LogConfig: Setting CVar [[r.Streaming.LimitPoolSizeToVRAM:0]]
[2019.04.17-04.28.32:166][  0]LogConfig: Setting CVar [[r.Streaming.PoolSize:1000]]
[2019.04.17-04.28.32:166][  0]LogConfig: Setting CVar [[r.Streaming.MaxEffectiveScreenSize:0]]
[2019.04.17-04.28.32:166][  0]LogConfig: Applying CVar settings from Section [EffectsQuality@3] File [C:/Users/DELL/Documents/Unreal Projects/Flocking/Saved/Config/Windows/Scalability.ini]
[2019.04.17-04.28.32:166][  0]LogConfig: Setting CVar [[r.TranslucencyLightingVolumeDim:64]]
[2019.04.17-04.28.32:166][  0]LogConfig: Setting CVar [[r.RefractionQuality:2]]
[2019.04.17-04.28.32:166][  0]LogConfig: Setting CVar [[r.SSR.Quality:3]]
[2019.04.17-04.28.32:166][  0]LogConfig: Setting CVar [[r.SceneColorFormat:4]]
[2019.04.17-04.28.32:166][  0]LogConfig: Setting CVar [[r.DetailMode:2]]
[2019.04.17-04.28.32:166][  0]LogConfig: Setting CVar [[r.TranslucencyVolumeBlur:1]]
[2019.04.17-04.28.32:166][  0]LogConfig: Setting CVar [[r.MaterialQualityLevel:1 ; High quality]]
[2019.04.17-04.28.32:166][  0]LogConfig: Setting CVar [[r.SSS.Scale:1]]
[2019.04.17-04.28.32:166][  0]LogConfig: Setting CVar [[r.SSS.SampleSet:2]]
[2019.04.17-04.28.32:166][  0]LogConfig: Setting CVar [[r.SSS.Quality:1]]
[2019.04.17-04.28.32:166][  0]LogConfig: Setting CVar [[r.SSS.HalfRes:1]]
[2019.04.17-04.28.32:166][  0]LogConfig: Setting CVar [[r.EmitterSpawnRateScale:1.0]]
[2019.04.17-04.28.32:166][  0]LogConfig: Setting CVar [[r.ParticleLightQuality:2]]
[2019.04.17-04.28.32:166][  0]LogConfig: Applying CVar settings from Section [FoliageQuality@3] File [C:/Users/DELL/Documents/Unreal Projects/Flocking/Saved/Config/Windows/Scalability.ini]
[2019.04.17-04.28.32:166][  0]LogConfig: Setting CVar [[foliage.DensityScale:1.0]]
[2019.04.17-04.28.32:166][  0]LogConfig: Setting CVar [[grass.DensityScale:1.0]]
[2019.04.17-04.28.32:166][  0]LogConfig: Applying CVar settings from Section [Startup] File [../../../Engine/Config/ConsoleVariables.ini]
[2019.04.17-04.28.32:167][  0]LogConfig: Setting CVar [[net.UseAdaptiveNetUpdateFrequency:0]]
[2019.04.17-04.28.32:167][  0]LogConfig: Applying CVar settings from Section [ConsoleVariables] File [C:/Users/DELL/Documents/Unreal Projects/Flocking/Saved/Config/Windows/Engine.ini]
[2019.04.17-04.28.32:167][  0]LogInit: Computer: DESKTOP-N31FJL6
[2019.04.17-04.28.32:167][  0]LogInit: User: DELL
[2019.04.17-04.28.32:167][  0]LogInit: CPU Page size=4096, Cores=6
[2019.04.17-04.28.32:167][  0]LogInit: High frequency timer resolution =10.000000 MHz
[2019.04.17-04.28.32:167][  0]LogMemory: Memory total: Physical=7.7GB (8GB approx)
[2019.04.17-04.28.32:167][  0]LogMemory: Platform Memory Stats for Windows
[2019.04.17-04.28.32:167][  0]LogMemory: Process Physical Memory: 103.81 MB used, 103.82 MB peak
[2019.04.17-04.28.32:167][  0]LogMemory: Process Virtual Memory: 86.34 MB used, 86.34 MB peak
[2019.04.17-04.28.32:167][  0]LogMemory: Physical Memory: 3911.04 MB used,  4018.91 MB free, 7929.95 MB total
[2019.04.17-04.28.32:167][  0]LogMemory: Virtual Memory: 4662.39 MB used,  134213064.00 MB free, 134217728.00 MB total
[2019.04.17-04.28.32:180][  0]LogInit: Using OS detected language (en-US).
[2019.04.17-04.28.32:180][  0]LogInit: Using OS detected locale (en-US).
[2019.04.17-04.28.32:181][  0]LogTextLocalizationManager: No specific localization for 'en-US' exists, so the 'en' localization will be used.
[2019.04.17-04.28.32:486][  0]LogStreaming: Display: Took  0.306s to InitEngineTextLocalization.
[2019.04.17-04.28.32:486][  0]LogInit: Setting process to per monitor DPI aware
[2019.04.17-04.28.32:543][  0]LogSlate: New Slate User Created.  User Index 0, Is Virtual User: 0
[2019.04.17-04.28.32:543][  0]LogSlate: Slate User Registered.  User Index 0, Is Virtual User: 0
[2019.04.17-04.28.32:716][  0]LogHMD: Failed to initialize OpenVR with code 110
[2019.04.17-04.28.32:716][  0]LogD3D11RHI: D3D11 adapters:
[2019.04.17-04.28.32:777][  0]LogD3D11RHI:    0. 'NVIDIA GeForce GTX 1050 Ti with Max-Q Design' (Feature Level 11_0)
[2019.04.17-04.28.32:777][  0]LogD3D11RHI:       4021/0/3964 MB DedicatedVideo/DedicatedSystem/SharedSystem, Outputs:1, VendorId:0x10de
[2019.04.17-04.28.32:791][  0]LogD3D11RHI:    1. 'Intel(R) UHD Graphics 630' (Feature Level 11_0)
[2019.04.17-04.28.32:791][  0]LogD3D11RHI:       128/0/3964 MB DedicatedVideo/DedicatedSystem/SharedSystem, Outputs:0, VendorId:0x8086
[2019.04.17-04.28.32:792][  0]LogD3D11RHI:    2. 'Microsoft Basic Render Driver' (Feature Level 11_0)
[2019.04.17-04.28.32:792][  0]LogD3D11RHI:       0/0/3964 MB DedicatedVideo/DedicatedSystem/SharedSystem, Outputs:0, VendorId:0x1414
[2019.04.17-04.28.32:792][  0]LogD3D11RHI: Chosen D3D11 Adapter: 0
[2019.04.17-04.28.32:819][  0]LogD3D11RHI: Creating new Direct3DDevice
[2019.04.17-04.28.32:819][  0]LogD3D11RHI:     GPU DeviceId: 0x1c8c (for the marketing name, search the web for "GPU Device Id")
[2019.04.17-04.28.32:819][  0]LogWindows: EnumDisplayDevices:
[2019.04.17-04.28.32:819][  0]LogWindows:    0. 'Intel(R) UHD Graphics 630' (P:1 D:1)
[2019.04.17-04.28.32:820][  0]LogWindows:    1. 'Intel(R) UHD Graphics 630' (P:0 D:0)
[2019.04.17-04.28.32:820][  0]LogWindows:    2. 'Intel(R) UHD Graphics 630' (P:0 D:0)
[2019.04.17-04.28.32:820][  0]LogWindows: DebugString: PrimaryIsNotTheChoosenAdapter PrimaryIsNotTheChoosenAdapter PrimaryIsNotTheChoosenAdapter FoundDriverCount:0 
[2019.04.17-04.28.32:820][  0]LogD3D11RHI:     Adapter Name: NVIDIA GeForce GTX 1050 Ti with Max-Q Design
[2019.04.17-04.28.32:820][  0]LogD3D11RHI:   Driver Version: Unknown (internal:Unknown, unified:Unknown)
[2019.04.17-04.28.32:820][  0]LogD3D11RHI:      Driver Date: Unknown
[2019.04.17-04.28.32:820][  0]LogRHI: Texture pool is 2814 MB (70% of 4021 MB)
[2019.04.17-04.28.32:854][  0]LogD3D11RHI: Async texture creation enabled
[2019.04.17-04.28.32:871][  0]LogD3D11RHI: GPU Timing Frequency: 1000.000000 (Debug: 2 2)
[2019.04.17-04.28.33:104][  0]LogTemp: Display: Loaded TP AllDesktopTargetPlatform
[2019.04.17-04.28.33:116][  0]LogTemp: Display: Loaded TP MacClientTargetPlatform
[2019.04.17-04.28.33:125][  0]LogTemp: Display: Loaded TP MacNoEditorTargetPlatform
[2019.04.17-04.28.33:134][  0]LogTemp: Display: Loaded TP MacServerTargetPlatform
[2019.04.17-04.28.33:144][  0]LogTemp: Display: Loaded TP MacTargetPlatform
[2019.04.17-04.28.33:153][  0]LogTemp: Display: Loaded TP WindowsClientTargetPlatform
[2019.04.17-04.28.33:162][  0]LogTemp: Display: Loaded TP WindowsNoEditorTargetPlatform
[2019.04.17-04.28.33:171][  0]LogTemp: Display: Loaded TP WindowsServerTargetPlatform
[2019.04.17-04.28.33:175][  0]LogTemp: Display: Loaded TP WindowsTargetPlatform
[2019.04.17-04.28.33:230][  0]LogTemp: Display: Loaded TP AndroidTargetPlatform
[2019.04.17-04.28.33:230][  0]LogTemp: Display: Loaded TP AndroidTargetPlatform
[2019.04.17-04.28.33:230][  0]LogTemp: Display: Loaded TP AndroidTargetPlatform
[2019.04.17-04.28.33:231][  0]LogTemp: Display: Loaded TP AndroidTargetPlatform
[2019.04.17-04.28.33:231][  0]LogTemp: Display: Loaded TP AndroidTargetPlatform
[2019.04.17-04.28.33:231][  0]LogTemp: Display: Loaded TP AndroidTargetPlatform
[2019.04.17-04.28.33:231][  0]LogTemp: Display: Loaded TP AndroidTargetPlatform
[2019.04.17-04.28.33:231][  0]LogTemp: Display: Loaded TP AndroidTargetPlatform
[2019.04.17-04.28.33:231][  0]LogTemp: Display: Loaded TP AndroidTargetPlatform
[2019.04.17-04.28.33:231][  0]LogTemp: Display: Loaded TP AndroidTargetPlatform
[2019.04.17-04.28.33:231][  0]LogTemp: Display: Loaded TP AndroidTargetPlatform
[2019.04.17-04.28.33:231][  0]LogTemp: Display: Loaded TP AndroidTargetPlatform
[2019.04.17-04.28.33:231][  0]LogTemp: Display: Loaded TP AndroidTargetPlatform
[2019.04.17-04.28.33:231][  0]LogTemp: Display: Loaded TP AndroidTargetPlatform
[2019.04.17-04.28.33:231][  0]LogTemp: Display: Loaded TP AndroidTargetPlatform
[2019.04.17-04.28.33:231][  0]LogTemp: Display: Loaded TP AndroidTargetPlatform
[2019.04.17-04.28.33:231][  0]LogTemp: Display: Loaded TP AndroidTargetPlatform
[2019.04.17-04.28.33:231][  0]LogTemp: Display: Loaded TP AndroidTargetPlatform
[2019.04.17-04.28.33:231][  0]LogTemp: Display: Loaded TP HTML5TargetPlatform
[2019.04.17-04.28.33:283][  0]LogTemp: Display: Loaded TP IOSTargetPlatform
[2019.04.17-04.28.33:283][  0]LogTemp: Display: Loaded TP IOSTargetPlatform
[2019.04.17-04.28.33:302][  0]LogTemp: Display: Loaded TP TVOSTargetPlatform
[2019.04.17-04.28.33:302][  0]LogTemp: Display: Loaded TP TVOSTargetPlatform
[2019.04.17-04.28.33:311][  0]LogTemp: Display: Loaded TP LinuxClientTargetPlatform
[2019.04.17-04.28.33:322][  0]LogTemp: Display: Loaded TP LinuxNoEditorTargetPlatform
[2019.04.17-04.28.33:331][  0]LogTemp: Display: Loaded TP LinuxServerTargetPlatform
[2019.04.17-04.28.33:340][  0]LogTemp: Display: Loaded TP LinuxTargetPlatform
[2019.04.17-04.28.33:373][  0]LogTemp: Display: Loaded TP LuminTargetPlatform
[2019.04.17-04.28.33:373][  0]LogTemp: Display: Loaded TP LuminTargetPlatform
[2019.04.17-04.28.33:373][  0]LogTargetPlatformManager: Display: Building Assets For Windows
[2019.04.17-04.28.33:405][  0]LogShaderCompilers: Guid format shader working directory is -3 characters bigger than the processId version (C:/Users/DELL/Documents/Unreal Projects/Flocking/Intermediate/Shaders/WorkingDirectory/6356/).
[2019.04.17-04.28.33:405][  0]LogShaderCompilers: Cleaned the shader compiler working directory 'C:/Users/DELL/AppData/Local/Temp/UnrealShaderWorkingDir/4817F39449D700384ECB648D9F6FEFCA/'.
[2019.04.17-04.28.33:406][  0]LogXGEController: Cannot use XGE Controller as Incredibuild is not installed on this machine.
[2019.04.17-04.28.33:406][  0]LogShaderCompilers: Cannot use XGE Shader Compiler as Incredibuild is not installed on this machine.
[2019.04.17-04.28.33:406][  0]LogShaderCompilers: Display: Using Local Shader Compiler.
[2019.04.17-04.28.33:860][  0]LogDerivedDataCache: Display: Max Cache Size: 512 MB
[2019.04.17-04.28.33:904][  0]LogDerivedDataCache: Loaded boot cache 0.04s 73MB C:/Users/DELL/AppData/Local/UnrealEngine/4.21/DerivedDataCache/Boot.ddc.
[2019.04.17-04.28.33:904][  0]LogDerivedDataCache: Display: Loaded Boot cache: C:/Users/DELL/AppData/Local/UnrealEngine/4.21/DerivedDataCache/Boot.ddc
[2019.04.17-04.28.33:904][  0]LogDerivedDataCache: FDerivedDataBackendGraph:  Pak pak cache file C:/Users/DELL/Documents/Unreal Projects/Flocking/DerivedDataCache/DDC.ddp not found, will not use a pak cache.
[2019.04.17-04.28.33:904][  0]LogDerivedDataCache: Unable to find inner node Pak for hierarchical cache Hierarchy.
[2019.04.17-04.28.33:904][  0]LogDerivedDataCache: FDerivedDataBackendGraph:  CompressedPak pak cache file C:/Users/DELL/Documents/Unreal Projects/Flocking/DerivedDataCache/Compressed.ddp not found, will not use a pak cache.
[2019.04.17-04.28.33:904][  0]LogDerivedDataCache: Unable to find inner node CompressedPak for hierarchical cache Hierarchy.
[2019.04.17-04.28.33:917][  0]LogDerivedDataCache: Display: Pak cache opened for reading ../../../Engine/DerivedDataCache/Compressed.ddp.
[2019.04.17-04.28.33:917][  0]LogDerivedDataCache: FDerivedDataBackendGraph:  EnterprisePak pak cache file ../../../Enterprise/DerivedDataCache/Compressed.ddp not found, will not use a pak cache.
[2019.04.17-04.28.33:917][  0]LogDerivedDataCache: Unable to find inner node EnterprisePak for hierarchical cache Hierarchy.
[2019.04.17-04.28.33:929][  0]LogDerivedDataCache: Using Local data cache path C:/Users/DELL/AppData/Local/UnrealEngine/Common/DerivedDataCache: Writable
[2019.04.17-04.28.33:929][  0]LogDerivedDataCache: Shared data cache path not found in *engine.ini, will not use an Shared cache.
[2019.04.17-04.28.33:929][  0]LogDerivedDataCache: Unable to find inner node Shared for hierarchical cache Hierarchy.
[2019.04.17-04.28.33:958][  0]LogMaterial: Verifying Global Shaders for PCD3D_SM5
[2019.04.17-04.28.33:959][  0]LogSlate: Using FreeType 2.6.0
[2019.04.17-04.28.33:960][  0]LogSlate: SlateFontServices - WITH_FREETYPE: 1, WITH_HARFBUZZ: 1
[2019.04.17-04.28.34:031][  0]LogAssetRegistry: FAssetRegistry took 0.0304 seconds to start up
[2019.04.17-04.28.34:286][  0]LogInit: Selected Device Profile: [Windows]
[2019.04.17-04.28.34:337][  0]LogSimplygon: Simplygon DLL not present - disabling.
[2019.04.17-04.28.34:339][  0]LogMeshReduction: Using SimplygonSwarm for distributed automatic mesh merging
[2019.04.17-04.28.34:339][  0]LogMeshReduction: Using ProxyLODMeshReduction for automatic mesh merging
[2019.04.17-04.28.34:339][  0]LogMeshReduction: Using QuadricMeshReduction for automatic static mesh reduction
[2019.04.17-04.28.34:339][  0]LogMeshReduction: No automatic skeletal mesh reduction module available
[2019.04.17-04.28.34:422][  0]LogNetVersion: Flocking 1.0.0, NetCL: 4541578, EngineNetVer: 5, GameNetVer: 0 (Checksum: 3935901176)
[2019.04.17-04.28.34:896][  0]LogPackageLocalizationCache: Processed 11 localized package path(s) for 2 prioritized culture(s) in 0.073867 seconds
[2019.04.17-04.28.34:900][  0]LogUObjectArray: 39775 objects as part of root set at end of initial load.
[2019.04.17-04.28.34:900][  0]LogUObjectAllocator: 6914664 out of 0 bytes used by permanent object pool.
[2019.04.17-04.28.34:900][  0]LogUObjectArray: CloseDisregardForGC: 0/0 objects in disregard for GC pool
[2019.04.17-04.28.35:572][  0]LogTcpMessaging: Initializing TcpMessaging bridge
[2019.04.17-04.28.35:587][  0]LogUdpMessaging: Initializing bridge on interface 0.0.0.0:0 to multicast group 230.0.0.1:6666.
[2019.04.17-04.28.36:178][  0]SourceControl: Source control is disabled
[2019.04.17-04.28.36:178][  0]SourceControl: Source control is disabled
[2019.04.17-04.28.36:178][  0]SourceControl: Source control is disabled
[2019.04.17-04.28.36:179][  0]SourceControl: Source control is disabled
[2019.04.17-04.28.36:337][  0]LogAndroidPermission: UAndroidPermissionCallbackProxy::GetInstance
[2019.04.17-04.28.36:391][  0]LogOcInput: OculusInput pre-init called
[2019.04.17-04.28.36:531][  0]LogEngine: Initializing Engine...
[2019.04.17-04.28.36:532][  0]LogHMD: Failed to initialize OpenVR with code 110
[2019.04.17-04.28.36:533][  0]LogStats: UGameplayTagsManager::ConstructGameplayTagTree: ImportINI prefixes -  0.000 s
[2019.04.17-04.28.36:533][  0]LogStats: UGameplayTagsManager::ConstructGameplayTagTree: Construct from data asset -  0.000 s
[2019.04.17-04.28.36:533][  0]LogStats: UGameplayTagsManager::ConstructGameplayTagTree: ImportINI -  0.000 s
[2019.04.17-04.28.36:533][  0]LogStats: UGameplayTagsManager::ConstructGameplayTagTree: GameplayTagTreeChangedEvent.Broadcast -  0.000 s
[2019.04.17-04.28.36:738][  0]LogInit: Initializing FReadOnlyCVARCache
[2019.04.17-04.28.36:745][  0]LogAIModule: Creating AISystem for world Untitled
[2019.04.17-04.28.36:805][  0]LogInit: XAudio2 using 'Speakers/Headphones (Realtek(R) Audio)' : 2 channels at 48 kHz using 32 bits per sample (channel mask 0x3)
[2019.04.17-04.28.37:428][  0]LogInit: FAudioDevice initialized.
[2019.04.17-04.28.37:428][  0]LogNetVersion: Set ProjectVersion to 1.0.0.0. Version Checksum will be recalculated on next use.
[2019.04.17-04.28.37:475][  0]LogDerivedDataCache: Saved boot cache 0.05s 73MB C:/Users/DELL/AppData/Local/UnrealEngine/4.21/DerivedDataCache/Boot.ddc.
[2019.04.17-04.28.37:483][  0]LogInit: Texture streaming: Enabled
[2019.04.17-04.28.37:493][  0]LogEngineSessionManager: EngineSessionManager initialized
[2019.04.17-04.28.37:501][  0]LogInit: Transaction tracking system initialized
[2019.04.17-04.28.37:513][  0]BlueprintLog: New page: Editor Load
[2019.04.17-04.28.37:552][  0]LocalizationService: Localization service is disabled
[2019.04.17-04.28.37:915][  0]LogFileCache: Scanning file cache for directory 'C:/Users/DELL/Documents/Unreal Projects/Flocking/Content/' took 0.01s
[2019.04.17-04.28.37:915][  0]LogCook: Display: Max memory allowance for cook 16384mb min free memory 0mb
[2019.04.17-04.28.37:915][  0]LogCook: Display: Mobile HDR setting 1
[2019.04.17-04.28.37:915][  0]LogGameplayTags: Display: UGameplayTagsManager::DoneAddingNativeTags. DelegateIsBound: 0
[2019.04.17-04.28.37:915][  0]LogStats: UGameplayTagsManager::ConstructGameplayTagTree: ImportINI prefixes -  0.000 s
[2019.04.17-04.28.37:915][  0]LogStats: UGameplayTagsManager::ConstructGameplayTagTree: Construct from data asset -  0.000 s
[2019.04.17-04.28.37:916][  0]LogStats: UGameplayTagsManager::ConstructGameplayTagTree: ImportINI -  0.000 s
[2019.04.17-04.28.37:916][  0]LogStats: UGameplayTagsManager::ConstructGameplayTagTree: GameplayTagTreeChangedEvent.Broadcast -  0.000 s
[2019.04.17-04.28.37:993][  0]SourceControl: Source control is disabled
[2019.04.17-04.28.37:993][  0]Cmd: MAP LOAD FILE="../../../Engine/Content/Maps/Templates/Template_Default.umap" TEMPLATE=1 SHOWPROGRESS=1 FEATURELEVEL=3
[2019.04.17-04.28.37:994][  0]LightingResults: New page: Lighting Build
[2019.04.17-04.28.37:995][  0]MapCheck: New page: Map Check
[2019.04.17-04.28.37:995][  0]LightingResults: New page: Lighting Build
[2019.04.17-04.28.38:135][  0]LogAIModule: Creating AISystem for world Untitled_1
[2019.04.17-04.28.38:140][  0]LogEditorServer: Finished looking for orphan Actors (0.000 secs)
[2019.04.17-04.28.38:164][  0]Cmd: MAP CHECKDEP NOCLEARLOG
[2019.04.17-04.28.38:164][  0]MapCheck: Map check complete: 0 Error(s), 0 Warning(s), took 0.119ms to complete.
[2019.04.17-04.28.38:164][  0]LogFileHelpers: Loading map 'Template_Default' took 0.170
[2019.04.17-04.28.38:267][  0]LogSlate: Updating window title bar state: overlay mode, drag disabled, window buttons hidden, title bar hidden
[2019.04.17-04.28.38:274][  0]LogSlate: Updating window title bar state: overlay mode, drag disabled, window buttons hidden, title bar hidden
[2019.04.17-04.28.38:280][  0]LogSlate: Updating window title bar state: overlay mode, drag disabled, window buttons hidden, title bar hidden
[2019.04.17-04.28.38:288][  0]LogSlate: Updating window title bar state: overlay mode, drag disabled, window buttons hidden, title bar hidden
[2019.04.17-04.28.38:292][  0]LogCollectionManager: Loaded 0 collections in 0.000708 seconds
[2019.04.17-04.28.38:310][  0]LogFileCache: Scanning file cache for directory 'C:/Users/DELL/Documents/Unreal Projects/Flocking/Saved/Collections/' took 0.01s
[2019.04.17-04.28.38:310][  0]LogFileCache: Scanning file cache for directory 'C:/Users/DELL/Documents/Unreal Projects/Flocking/Content/Developers/DELL/Collections/' took 0.00s
[2019.04.17-04.28.38:310][  0]LogFileCache: Scanning file cache for directory 'C:/Users/DELL/Documents/Unreal Projects/Flocking/Content/Collections/' took 0.00s
[2019.04.17-04.28.38:310][  0]LogCollectionManager: Rebuilt the GUID cache for 0 collections in 0.000000 seconds
[2019.04.17-04.28.38:323][  0]LogContentBrowser: Native class hierarchy populated in 0.0126 seconds. Added 2653 classes and 622 folders.
[2019.04.17-04.28.38:328][  0]LogContentBrowser: Native class hierarchy updated for 'WidgetCarousel' in 0.0004 seconds. Added 0 classes and 0 folders.
[2019.04.17-04.28.38:329][  0]LogPakFile: Registered encryption key '00000000000000000000000000000000': 0 pak files mounted, 0 remain pending
[2019.04.17-04.28.38:330][  0]LogPakFile: Registered encryption key '00000000000000000000000000000000': 0 pak files mounted, 0 remain pending
[2019.04.17-04.28.38:330][  0]LogPakFile: Registered encryption key '00000000000000000000000000000000': 0 pak files mounted, 0 remain pending
[2019.04.17-04.28.38:331][  0]LogPakFile: Registered encryption key '00000000000000000000000000000000': 0 pak files mounted, 0 remain pending
[2019.04.17-04.28.38:331][  0]LogPakFile: Registered encryption key '00000000000000000000000000000000': 0 pak files mounted, 0 remain pending
[2019.04.17-04.28.38:331][  0]LogPakFile: Registered encryption key '00000000000000000000000000000000': 0 pak files mounted, 0 remain pending
[2019.04.17-04.28.38:332][  0]LogPakFile: Registered encryption key '00000000000000000000000000000000': 0 pak files mounted, 0 remain pending
[2019.04.17-04.28.38:332][  0]LogPakFile: Registered encryption key '00000000000000000000000000000000': 0 pak files mounted, 0 remain pending
[2019.04.17-04.28.38:332][  0]LogPakFile: Registered encryption key '00000000000000000000000000000000': 0 pak files mounted, 0 remain pending
[2019.04.17-04.28.38:333][  0]LogPakFile: Registered encryption key '00000000000000000000000000000000': 0 pak files mounted, 0 remain pending
[2019.04.17-04.28.38:333][  0]LogPakFile: Registered encryption key '00000000000000000000000000000000': 0 pak files mounted, 0 remain pending
[2019.04.17-04.28.38:334][  0]LogPakFile: Registered encryption key '00000000000000000000000000000000': 0 pak files mounted, 0 remain pending
[2019.04.17-04.28.38:334][  0]LogPakFile: Registered encryption key '00000000000000000000000000000000': 0 pak files mounted, 0 remain pending
[2019.04.17-04.28.38:334][  0]LogPakFile: Registered encryption key '00000000000000000000000000000000': 0 pak files mounted, 0 remain pending
[2019.04.17-04.28.38:335][  0]LogPakFile: Registered encryption key '00000000000000000000000000000000': 0 pak files mounted, 0 remain pending
[2019.04.17-04.28.38:335][  0]LogPakFile: Registered encryption key '00000000000000000000000000000000': 0 pak files mounted, 0 remain pending
[2019.04.17-04.28.38:335][  0]LogPakFile: Registered encryption key '00000000000000000000000000000000': 0 pak files mounted, 0 remain pending
[2019.04.17-04.28.38:336][  0]LogPakFile: Registered encryption key '00000000000000000000000000000000': 0 pak files mounted, 0 remain pending
[2019.04.17-04.28.38:336][  0]LogPakFile: Registered encryption key '00000000000000000000000000000000': 0 pak files mounted, 0 remain pending
[2019.04.17-04.28.38:336][  0]LogPakFile: Registered encryption key '00000000000000000000000000000000': 0 pak files mounted, 0 remain pending
[2019.04.17-04.28.38:337][  0]LogPakFile: Registered encryption key '00000000000000000000000000000000': 0 pak files mounted, 0 remain pending
[2019.04.17-04.28.38:337][  0]LogPakFile: Registered encryption key '00000000000000000000000000000000': 0 pak files mounted, 0 remain pending
[2019.04.17-04.28.38:337][  0]LogPakFile: Registered encryption key '00000000000000000000000000000000': 0 pak files mounted, 0 remain pending
[2019.04.17-04.28.38:338][  0]LogPakFile: Registered encryption key '00000000000000000000000000000000': 0 pak files mounted, 0 remain pending
[2019.04.17-04.28.38:338][  0]LogPakFile: Registered encryption key '00000000000000000000000000000000': 0 pak files mounted, 0 remain pending
[2019.04.17-04.28.38:339][  0]LogPakFile: Registered encryption key '00000000000000000000000000000000': 0 pak files mounted, 0 remain pending
[2019.04.17-04.28.38:359][  0]LogContentBrowser: Native class hierarchy updated for 'AddContentDialog' in 0.0003 seconds. Added 0 classes and 0 folders.
[2019.04.17-04.28.38:362][  0]LogContentBrowser: Native class hierarchy updated for 'SceneOutliner' in 0.0003 seconds. Added 1 classes and 2 folders.
[2019.04.17-04.28.38:372][  0]LogSlate: Took 0.000141 seconds to synchronously load lazily loaded font '../../../Engine/Content/Slate/Fonts/Roboto-Regular.ttf' (155K)
[2019.04.17-04.28.38:374][  0]LogSlate: Took 0.000135 seconds to synchronously load lazily loaded font '../../../Engine/Content/Slate/Fonts/Roboto-Bold.ttf' (160K)
[2019.04.17-04.28.38:378][  0]LogSlate: Took 0.000172 seconds to synchronously load lazily loaded font '../../../Engine/Content/Editor/Slate/Fonts/FontAwesome.ttf' (139K)
[2019.04.17-04.28.38:445][  0]LogRenderer: Reallocating scene render targets to support 964x436 Format 10 NumSamples 1 (Frame:1).
[2019.04.17-04.28.38:625][  0]LogContentBrowser: Native class hierarchy updated for 'HierarchicalLODOutliner' in 0.0003 seconds. Added 0 classes and 0 folders.
[2019.04.17-04.28.38:625][  0]LogLoad: (Engine Initialization) Total time: 7.97 seconds
[2019.04.17-04.28.38:625][  0]LogLoad: (Engine Initialization) Total Blueprint compile time: 0.00 seconds
[2019.04.17-04.28.38:705][  0]LogContentStreaming: Texture pool size now 1000 MB
[2019.04.17-04.28.38:717][  0]LogSlate: Took 0.000114 seconds to synchronously load lazily loaded font '../../../Engine/Content/Slate/Fonts/Roboto-Light.ttf' (167K)
[2019.04.17-04.28.38:730][  1]LogAssetRegistry: Asset discovery search completed in 4.7212 seconds
[2019.04.17-04.28.38:731][  1]LogCollectionManager: Rebuilt the object cache for 0 collections in 0.000000 seconds (found 0 objects)
[2019.04.17-04.28.38:731][  1]LogCollectionManager: Fixed up redirectors for 0 collections in 0.000037 seconds (updated 0 objects)
[2019.04.17-04.28.40:543][100]LogSlate: FSceneViewport::OnFocusLost() reason 0
[2019.04.17-04.28.44:182][318]LogSlate: Took 0.000122 seconds to synchronously load lazily loaded font '../../../Engine/Content/Slate/Fonts/Roboto-Light.ttf' (167K)
[2019.04.17-04.28.44:237][318]LogAIModule: Creating AISystem for world Asterboids
[2019.04.17-04.28.44:243][318]LogAssetEditorManager: Opening Asset editor for World /Game/Asterboids.Asterboids
[2019.04.17-04.28.44:269][318]Cmd: MAP LOAD FILE="C:/Users/DELL/Documents/Unreal Projects/Flocking/Content/Asterboids.umap" TEMPLATE=0 SHOWPROGRESS=1 FEATURELEVEL=3
[2019.04.17-04.28.44:269][318]LightingResults: New page: Lighting Build
[2019.04.17-04.28.44:269][318]LoadErrors: New page: Loading map: Asterboids.umap
[2019.04.17-04.28.44:269][318]MapCheck: New page: Map Check
[2019.04.17-04.28.44:270][318]LightingResults: New page: Lighting Build
[2019.04.17-04.28.44:296][318]LogEditorServer: Finished looking for orphan Actors (0.000 secs)
[2019.04.17-04.28.44:333][318]Cmd: MAP CHECKDEP NOCLEARLOG
[2019.04.17-04.28.44:333][318]MapCheck: Map check complete: 0 Error(s), 0 Warning(s), took 0.103ms to complete.
[2019.04.17-04.28.44:333][318]LogFileHelpers: Loading map 'Asterboids' took 0.065
[2019.04.17-04.28.45:388][380]LogTemp: Repeating last play command: Selected Viewport
[2019.04.17-04.28.45:396][380]LogBlueprintUserMessages: Early PlayInEditor Detection: Level '/Game/Asterboids.Asterboids:PersistentLevel' has LevelScriptBlueprint '/Game/Asterboids.Asterboids:PersistentLevel.Asterboids' with GeneratedClass '/Game/Asterboids.Asterboids_C' with ClassGeneratedBy '/Game/Asterboids.Asterboids:PersistentLevel.Asterboids'
[2019.04.17-04.28.45:396][380]LogPlayLevel: PlayLevel: No blueprints needed recompiling
[2019.04.17-04.28.45:397][380]PIE: New page: PIE session: Asterboids (Apr 18, 2019, 12:28:45 AM)
[2019.04.17-04.28.45:409][380]LogPlayLevel: Creating play world package: /Game/UEDPIE_0_Asterboids
[2019.04.17-04.28.45:412][380]LogPlayLevel: PIE: StaticDuplicateObject took: (0.003319s)
[2019.04.17-04.28.45:413][380]LogAIModule: Creating AISystem for world Asterboids
[2019.04.17-04.28.45:413][380]LogPlayLevel: PIE: World Init took: (0.000518s)
[2019.04.17-04.28.45:413][380]LogPlayLevel: PIE: Created PIE world by copying editor world from /Game/Asterboids.Asterboids to /Game/UEDPIE_0_Asterboids.Asterboids (0.004049s)
[2019.04.17-04.28.45:436][380]LogInit: XAudio2 using 'Speakers/Headphones (Realtek(R) Audio)' : 2 channels at 48 kHz using 32 bits per sample (channel mask 0x3)
[2019.04.17-04.28.45:511][380]LogInit: FAudioDevice initialized.
[2019.04.17-04.28.45:556][380]LogLoad: Game class is 'GameModeBase'
[2019.04.17-04.28.45:558][380]LogWorld: Bringing World /Game/UEDPIE_0_Asterboids.Asterboids up for play (max tick rate 60) at 2019.04.17-14.28.45
[2019.04.17-04.28.45:558][380]LogWorld: Bringing up level for play took: 0.001165
[2019.04.17-04.28.45:573][380]LogContentBrowser: Native class hierarchy updated for 'MovieSceneCapture' in 0.0004 seconds. Added 20 classes and 0 folders.
[2019.04.17-04.28.45:574][380]PIE: Play in editor start time for /Game/UEDPIE_0_Asterboids -0.234
[2019.04.17-04.28.45:574][380]LogBlueprintUserMessages: Late PlayInEditor Detection: Level '/Game/Asterboids.Asterboids:PersistentLevel' has LevelScriptBlueprint '/Game/Asterboids.Asterboids:PersistentLevel.Asterboids' with GeneratedClass '/Game/Asterboids.Asterboids_C' with ClassGeneratedBy '/Game/Asterboids.Asterboids:PersistentLevel.Asterboids'
[2019.04.17-04.28.49:380][604]LogBlueprintUserMessages: Early EndPlayMap Detection: Level '/Game/Asterboids.Asterboids:PersistentLevel' has LevelScriptBlueprint '/Game/Asterboids.Asterboids:PersistentLevel.Asterboids' with GeneratedClass '/Game/Asterboids.Asterboids_C' with ClassGeneratedBy '/Game/Asterboids.Asterboids:PersistentLevel.Asterboids'
[2019.04.17-04.28.49:380][604]LogSlate: Updating window title bar state: overlay mode, drag disabled, window buttons hidden, title bar hidden
[2019.04.17-04.28.49:408][604]LogPlayLevel: Display: Shutting down PIE online subsystems
[2019.04.17-04.28.49:409][604]LogBlueprintUserMessages: Late EndPlayMap Detection: Level '/Game/Asterboids.Asterboids:PersistentLevel' has LevelScriptBlueprint '/Game/Asterboids.Asterboids:PersistentLevel.Asterboids' with GeneratedClass '/Game/Asterboids.Asterboids_C' with ClassGeneratedBy '/Game/Asterboids.Asterboids:PersistentLevel.Asterboids'
[2019.04.17-04.28.49:433][604]LogSlate: Updating window title bar state: overlay mode, drag disabled, window buttons hidden, title bar hidden
[2019.04.17-04.28.49:493][608]LogPlayLevel: Display: Destroying online subsystem :Context_1
[2019.04.17-04.28.50:351][656]LogSlate: Window 'Flocking - Unreal Editor' being destroyed
[2019.04.17-04.28.50:354][656]LogWindowsTextInputMethodSystem: Display: IME system now activated using TSF (搜狗拼音输入法).
[2019.04.17-04.28.50:509][657]Cmd: QUIT_EDITOR
[2019.04.17-04.28.50:710][657]LogExit: Preparing to exit.
[2019.04.17-04.28.51:696][657]LogExit: Editor shut down
[2019.04.17-04.28.51:697][657]LogExit: Transaction tracking system shut down
[2019.04.17-04.28.51:938][657]LogExit: Object subsystem successfully closed.
[2019.04.17-04.28.51:954][657]LogShaderCompilers: Display: Shaders left to compile 0
[2019.04.17-04.28.51:956][657]LogD3D11RHI: Shutdown
[2019.04.17-04.28.51:956][657]LogD3D11RHI: CleanupD3DDevice
[2019.04.17-04.28.51:957][657]LogD3D11RHI: ~FD3D11DynamicRHI
[2019.04.17-04.28.51:965][657]LogModuleManager: Shutting down and abandoning module MovieSceneCapture (630)
[2019.04.17-04.28.51:965][657]LogModuleManager: Shutting down and abandoning module Voice (628)
[2019.04.17-04.28.51:965][657]LogModuleManager: Shutting down and abandoning module HierarchicalLODOutliner (626)
[2019.04.17-04.28.51:965][657]LogModuleManager: Shutting down and abandoning module SceneOutliner (624)
[2019.04.17-04.28.51:965][657]LogModuleManager: Shutting down and abandoning module AddContentDialog (622)
[2019.04.17-04.28.51:966][657]LogModuleManager: Shutting down and abandoning module WidgetCarousel (621)
[2019.04.17-04.28.51:966][657]LogModuleManager: Shutting down and abandoning module EditorWidgets (618)
[2019.04.17-04.28.51:966][657]LogModuleManager: Shutting down and abandoning module CollectionManager (616)
[2019.04.17-04.28.51:966][657]LogModuleManager: Shutting down and abandoning module HierarchicalLODUtilities (614)
[2019.04.17-04.28.51:966][657]LogModuleManager: Shutting down and abandoning module StatsViewer (612)
[2019.04.17-04.28.51:966][657]LogModuleManager: Shutting down and abandoning module FoliageEdit (610)
[2019.04.17-04.28.51:966][657]LogModuleManager: Shutting down and abandoning module LandscapeEditor (608)
[2019.04.17-04.28.51:966][657]LogModuleManager: Shutting down and abandoning module MeshPaintMode (606)
[2019.04.17-04.28.51:966][657]LogModuleManager: Shutting down and abandoning module SceneDepthPickerMode (604)
[2019.04.17-04.28.51:966][657]LogModuleManager: Shutting down and abandoning module ActorPickerMode (602)
[2019.04.17-04.28.51:966][657]LogModuleManager: Shutting down and abandoning module GeometryMode (600)
[2019.04.17-04.28.51:966][657]LogModuleManager: Shutting down and abandoning module TextureAlignMode (598)
[2019.04.17-04.28.51:966][657]LogModuleManager: Shutting down and abandoning module BspMode (596)
[2019.04.17-04.28.51:966][657]LogModuleManager: Shutting down and abandoning module PIEPreviewDeviceProfileSelector (594)
[2019.04.17-04.28.51:966][657]LogModuleManager: Shutting down and abandoning module SequenceRecorderSections (592)
[2019.04.17-04.28.51:966][657]LogModuleManager: Shutting down and abandoning module AutomationWorker (590)
[2019.04.17-04.28.51:966][657]LogModuleManager: Shutting down and abandoning module AudioCaptureEditor (588)
[2019.04.17-04.28.51:966][657]LogModuleManager: Shutting down and abandoning module MatineeToLevelSequence (586)
[2019.04.17-04.28.51:966][657]LogModuleManager: Shutting down and abandoning module LevelSequenceEditor (584)
[2019.04.17-04.28.51:966][657]LogModuleManager: Shutting down and abandoning module PlacementMode (583)
[2019.04.17-04.28.51:966][657]LogModuleManager: Shutting down and abandoning module MaterialEditor (582)
[2019.04.17-04.28.51:966][657]LogModuleManager: Shutting down and abandoning module WmfMediaFactory (578)
[2019.04.17-04.28.51:966][657]LogModuleManager: Shutting down and abandoning module WmfMediaEditor (576)
[2019.04.17-04.28.51:966][657]LogModuleManager: Shutting down and abandoning module WebMMediaFactory (574)
[2019.04.17-04.28.51:966][657]LogModuleManager: Shutting down and abandoning module WebMMediaEditor (572)
[2019.04.17-04.28.51:967][657]LogModuleManager: Shutting down and abandoning module WebMMedia (570)
[2019.04.17-04.28.51:967][657]LogModuleManager: Shutting down and abandoning module MediaPlayerEditor (568)
[2019.04.17-04.28.51:967][657]LogModuleManager: Shutting down and abandoning module MediaCompositingEditor (566)
[2019.04.17-04.28.51:967][657]LogModuleManager: Shutting down and abandoning module SequenceRecorder (565)
[2019.04.17-04.28.51:967][657]LogModuleManager: Shutting down and abandoning module OpenExrWrapper (562)
[2019.04.17-04.28.51:967][657]LogModuleManager: Shutting down and abandoning module ImgMediaFactory (560)
[2019.04.17-04.28.51:967][657]LogModuleManager: Shutting down and abandoning module ImgMediaEditor (558)
[2019.04.17-04.28.51:967][657]LogModuleManager: Shutting down and abandoning module AvfMediaFactory (556)
[2019.04.17-04.28.51:967][657]LogModuleManager: Shutting down and abandoning module AvfMediaEditor (554)
[2019.04.17-04.28.51:967][657]LogModuleManager: Shutting down and abandoning module AndroidMediaFactory (552)
[2019.04.17-04.28.51:967][657]LogModuleManager: Shutting down and abandoning module AndroidMediaEditor (550)
[2019.04.17-04.28.51:967][657]LogModuleManager: Shutting down and abandoning module MagicLeapCameraPreviewFactory (548)
[2019.04.17-04.28.51:967][657]LogModuleManager: Shutting down and abandoning module MagicLeapMediaFactory (546)
[2019.04.17-04.28.51:967][657]LogModuleManager: Shutting down and abandoning module MagicLeapMediaEditor (544)
[2019.04.17-04.28.51:967][657]LogModuleManager: Shutting down and abandoning module CharacterAI (542)
[2019.04.17-04.28.51:967][657]LogModuleManager: Shutting down and abandoning module SmartSnapping (540)
[2019.04.17-04.28.51:967][657]LogModuleManager: Shutting down and abandoning module SessionServices (538)
[2019.04.17-04.28.51:967][657]LogModuleManager: Shutting down and abandoning module ViewportSnapping (536)
[2019.04.17-04.28.51:967][657]LogModuleManager: Shutting down and abandoning module ViewportInteraction (534)
[2019.04.17-04.28.51:967][657]LogModuleManager: Shutting down and abandoning module ClothPainter (532)
[2019.04.17-04.28.51:967][657]LogModuleManager: Shutting down and abandoning module SkeletalMeshEditor (531)
[2019.04.17-04.28.51:967][657]LogModuleManager: Shutting down and abandoning module LogVisualizer (528)
[2019.04.17-04.28.51:967][657]LogModuleManager: Shutting down and abandoning module IntroTutorials (526)
[2019.04.17-04.28.51:967][657]LogModuleManager: Shutting down and abandoning module GameProjectGeneration (525)
[2019.04.17-04.28.51:967][657]LogModuleManager: Shutting down and abandoning module LuminPlatformEditor (522)
[2019.04.17-04.28.51:968][657]LogModuleManager: Shutting down and abandoning module IOSPlatformEditor (520)
[2019.04.17-04.28.51:968][657]LogModuleManager: Shutting down and abandoning module HTML5PlatformEditor (518)
[2019.04.17-04.28.51:968][657]LogModuleManager: Shutting down and abandoning module AndroidPlatformEditor (516)
[2019.04.17-04.28.51:968][657]LogModuleManager: Shutting down and abandoning module AndroidDeviceDetection (515)
[2019.04.17-04.28.52:742][657]LogModuleManager: Shutting down and abandoning module WindowsPlatformEditor (512)
[2019.04.17-04.28.52:742][657]LogModuleManager: Shutting down and abandoning module LuminRuntimeSettings (510)
[2019.04.17-04.28.52:742][657]LogModuleManager: Shutting down and abandoning module IOSRuntimeSettings (508)
[2019.04.17-04.28.52:742][657]LogModuleManager: Shutting down and abandoning module AndroidRuntimeSettings (506)
[2019.04.17-04.28.52:742][657]LogModuleManager: Shutting down and abandoning module TimeManagementEditor (504)
[2019.04.17-04.28.52:743][657]LogModuleManager: Shutting down and abandoning module InputBindingEditor (502)
[2019.04.17-04.28.52:743][657]LogModuleManager: Shutting down and abandoning module MergeActors (500)
[2019.04.17-04.28.52:743][657]LogModuleManager: Shutting down and abandoning module LocalizationDashboard (498)
[2019.04.17-04.28.52:743][657]LogModuleManager: Shutting down and abandoning module LocalizationService (497)
[2019.04.17-04.28.52:743][657]LogModuleManager: Shutting down and abandoning module HardwareTargeting (494)
[2019.04.17-04.28.52:743][657]LogModuleManager: Shutting down and abandoning module DeviceProfileEditor (492)
[2019.04.17-04.28.52:743][657]LogModuleManager: Shutting down and abandoning module UndoHistory (490)
[2019.04.17-04.28.52:743][657]LogModuleManager: Shutting down and abandoning module XmlParser (488)
[2019.04.17-04.28.52:743][657]LogModuleManager: Shutting down and abandoning module Blutility (486)
[2019.04.17-04.28.52:743][657]LogModuleManager: Shutting down and abandoning module ProjectSettingsViewer (484)
[2019.04.17-04.28.52:743][657]LogModuleManager: Shutting down and abandoning module ProjectTargetPlatformEditor (483)
[2019.04.17-04.28.52:743][657]LogModuleManager: Shutting down and abandoning module EditorSettingsViewer (480)
[2019.04.17-04.28.52:743][657]LogModuleManager: Shutting down and abandoning module SettingsEditor (478)
[2019.04.17-04.28.52:743][657]LogModuleManager: Shutting down and abandoning module ProjectLauncher (476)
[2019.04.17-04.28.52:743][657]LogModuleManager: Shutting down and abandoning module SessionFrontend (474)
[2019.04.17-04.28.52:743][657]LogModuleManager: Shutting down and abandoning module ProfilerClient (472)
[2019.04.17-04.28.52:743][657]LogModuleManager: Shutting down and abandoning module DeviceManager (470)
[2019.04.17-04.28.52:743][657]LogModuleManager: Shutting down and abandoning module TargetDeviceServices (469)
[2019.04.17-04.28.52:796][657]LogModuleManager: Shutting down and abandoning module AutomationController (466)
[2019.04.17-04.28.52:796][657]LogModuleManager: Shutting down and abandoning module AutomationWindow (464)
[2019.04.17-04.28.52:796][657]LogModuleManager: Shutting down and abandoning module Layers (462)
[2019.04.17-04.28.52:796][657]LogModuleManager: Shutting down and abandoning module ComponentVisualizers (460)
[2019.04.17-04.28.52:796][657]LogModuleManager: Shutting down and abandoning module DetailCustomizations (458)
[2019.04.17-04.28.52:796][657]LogModuleManager: Shutting down and abandoning module PackagesDialog (456)
[2019.04.17-04.28.52:796][657]LogModuleManager: Shutting down and abandoning module Persona (454)
[2019.04.17-04.28.52:796][657]LogModuleManager: Shutting down and abandoning module AdvancedPreviewScene (453)
[2019.04.17-04.28.52:796][657]LogModuleManager: Shutting down and abandoning module AnimGraph (451)
[2019.04.17-04.28.52:796][657]LogModuleManager: Shutting down and abandoning module Kismet (448)
[2019.04.17-04.28.52:796][657]LogModuleManager: Shutting down and abandoning module GraphEditor (446)
[2019.04.17-04.28.52:796][657]LogModuleManager: Shutting down and abandoning module ClassViewer (444)
[2019.04.17-04.28.52:796][657]LogModuleManager: Shutting down and abandoning module Toolbox (442)
[2019.04.17-04.28.52:796][657]LogModuleManager: Shutting down and abandoning module DesktopPlatform (441)
[2019.04.17-04.28.52:796][657]LogModuleManager: Shutting down and abandoning module ModuleUI (438)
[2019.04.17-04.28.52:796][657]LogModuleManager: Shutting down and abandoning module MovieSceneTools (436)
[2019.04.17-04.28.52:796][657]LogModuleManager: Shutting down and abandoning module OutputLog (434)
[2019.04.17-04.28.52:796][657]LogModuleManager: Shutting down and abandoning module GammaUI (432)
[2019.04.17-04.28.52:796][657]LogModuleManager: Shutting down and abandoning module Documentation (430)
[2019.04.17-04.28.52:796][657]LogModuleManager: Shutting down and abandoning module MovieSceneTracks (428)
[2019.04.17-04.28.52:796][657]LogModuleManager: Shutting down and abandoning module MovieScene (426)
[2019.04.17-04.28.52:796][657]LogModuleManager: Shutting down and abandoning module StreamingPauseRendering (424)
[2019.04.17-04.28.52:796][657]LogModuleManager: Shutting down and abandoning module LauncherPlatform (422)
[2019.04.17-04.28.52:796][657]LogModuleManager: Shutting down and abandoning module AnalyticsET (420)
[2019.04.17-04.28.52:796][657]LogModuleManager: Shutting down and abandoning module PortalServices (418)
[2019.04.17-04.28.52:797][657]LogModuleManager: Shutting down and abandoning module PortalRpc (416)
[2019.04.17-04.28.52:797][657]LogModuleManager: Shutting down and abandoning module MessagingRpc (414)
[2019.04.17-04.28.52:797][657]LogModuleManager: Shutting down and abandoning module AIModule (412)
[2019.04.17-04.28.52:797][657]LogModuleManager: Shutting down and abandoning module GameplayDebugger (411)
[2019.04.17-04.28.52:797][657]LogModuleManager: Shutting down and abandoning module AITestSuite (409)
[2019.04.17-04.28.52:797][657]LogModuleManager: Shutting down and abandoning module NavigationSystem (407)
[2019.04.17-04.28.52:797][657]LogModuleManager: Shutting down and abandoning module ImageWriteQueue (404)
[2019.04.17-04.28.52:799][657]LogModuleManager: Shutting down and abandoning module ProfilerService (402)
[2019.04.17-04.28.52:930][657]LogModuleManager: Shutting down and abandoning module TaskGraph (400)
[2019.04.17-04.28.52:930][657]LogModuleManager: Shutting down and abandoning module SteamVRController (398)
[2019.04.17-04.28.52:930][657]LogModuleManager: Shutting down and abandoning module ProceduralMeshComponentEditor (396)
[2019.04.17-04.28.52:930][657]LogModuleManager: Shutting down and abandoning module ProceduralMeshComponent (394)
[2019.04.17-04.28.52:930][657]LogModuleManager: Shutting down and abandoning module OculusInput (392)
[2019.04.17-04.28.52:930][657]LogModuleManager: Shutting down and abandoning module MobilePatchingUtils (390)
[2019.04.17-04.28.52:930][657]LogModuleManager: Shutting down and abandoning module EditableMesh (388)
[2019.04.17-04.28.52:930][657]LogModuleManager: Shutting down and abandoning module CustomMeshComponent (386)
[2019.04.17-04.28.52:930][657]LogModuleManager: Shutting down and abandoning module CableComponent (384)
[2019.04.17-04.28.52:930][657]LogModuleManager: Shutting down and abandoning module AudioCapture (382)
[2019.04.17-04.28.52:930][657]LogModuleManager: Shutting down and abandoning module ArchVisCharacter (380)
[2019.04.17-04.28.52:930][657]LogModuleManager: Shutting down and abandoning module AndroidPermission (378)
[2019.04.17-04.28.52:930][657]LogModuleManager: Shutting down and abandoning module NUTUnrealEngine4 (376)
[2019.04.17-04.28.52:930][657]LogModuleManager: Shutting down and abandoning module NetcodeUnitTest (374)
[2019.04.17-04.28.52:930][657]LogModuleManager: Shutting down and abandoning module MediaCompositing (372)
[2019.04.17-04.28.52:930][657]LogModuleManager: Shutting down and abandoning module LinearTimecode (370)
[2019.04.17-04.28.52:930][657]LogModuleManager: Shutting down and abandoning module ImgMedia (368)
[2019.04.17-04.28.52:933][657]LogModuleManager: Shutting down and abandoning module HTML5Networking (366)
[2019.04.17-04.28.52:934][657]LogModuleManager: Shutting down and abandoning module GeometryCacheTracks (364)
[2019.04.17-04.28.52:934][657]LogModuleManager: Shutting down and abandoning module GeometryCacheSequencer (362)
[2019.04.17-04.28.52:934][657]LogModuleManager: Shutting down and abandoning module BackChannel (360)
[2019.04.17-04.28.52:934][657]LogModuleManager: Shutting down and abandoning module AppleVision (358)
[2019.04.17-04.28.52:934][657]LogModuleManager: Shutting down and abandoning module AppleImageUtilsBlueprintSupport (356)
[2019.04.17-04.28.52:934][657]LogModuleManager: Shutting down and abandoning module AppleImageUtils (354)
[2019.04.17-04.28.52:934][657]LogModuleManager: Shutting down and abandoning module AlembicImporter (352)
[2019.04.17-04.28.52:934][657]LogModuleManager: Shutting down and abandoning module AlembicLibrary (351)
[2019.04.17-04.28.52:934][657]LogModuleManager: Shutting down and abandoning module GeometryCache (350)
[2019.04.17-04.28.52:934][657]LogModuleManager: Shutting down and abandoning module GeometryCacheEd (349)
[2019.04.17-04.28.52:934][657]LogModuleManager: Shutting down and abandoning module VariantManagerContent (344)
[2019.04.17-04.28.52:934][657]LogModuleManager: Shutting down and abandoning module DatasmithContentEditor (342)
[2019.04.17-04.28.52:934][657]LogModuleManager: Shutting down and abandoning module SpeedTreeImporter (340)
[2019.04.17-04.28.52:934][657]LogModuleManager: Shutting down and abandoning module PluginBrowser (338)
[2019.04.17-04.28.52:934][657]LogModuleManager: Shutting down and abandoning module MobileLauncherProfileWizard (336)
[2019.04.17-04.28.52:934][657]LogModuleManager: Shutting down and abandoning module PolygonModeling (334)
[2019.04.17-04.28.52:934][657]LogModuleManager: Shutting down and abandoning module MeshEditor (332)
[2019.04.17-04.28.52:934][657]LogModuleManager: Shutting down and abandoning module CryptoKeysOpenSSL (330)
[2019.04.17-04.28.52:934][657]LogModuleManager: Shutting down and abandoning module CryptoKeys (328)
[2019.04.17-04.28.52:934][657]LogModuleManager: Shutting down and abandoning module VisualStudioSourceCodeAccess (326)
[2019.04.17-04.28.52:934][657]LogModuleManager: Shutting down and abandoning module VisualStudioCodeSourceCodeAccess (324)
[2019.04.17-04.28.52:934][657]LogModuleManager: Shutting down and abandoning module UObjectPlugin (322)
[2019.04.17-04.28.52:934][657]LogModuleManager: Shutting down and abandoning module SubversionSourceControl (320)
[2019.04.17-04.28.52:934][657]LogModuleManager: Shutting down and abandoning module PerforceSourceControl (318)
[2019.04.17-04.28.52:934][657]LogModuleManager: Shutting down and abandoning module GitSourceControl (316)
[2019.04.17-04.28.52:934][657]LogModuleManager: Shutting down and abandoning module SourceControl (315)
[2019.04.17-04.28.52:934][657]LogModuleManager: Shutting down and abandoning module CLionSourceCodeAccess (312)
[2019.04.17-04.28.52:934][657]LogModuleManager: Shutting down and abandoning module ActorLayerUtilitiesEditor (310)
[2019.04.17-04.28.52:934][657]LogModuleManager: Shutting down and abandoning module ActorLayerUtilities (308)
[2019.04.17-04.28.52:934][657]LogModuleManager: Shutting down and abandoning module LightPropagationVolumeEditor (306)
[2019.04.17-04.28.52:934][657]LogModuleManager: Shutting down and abandoning module PaperTiledImporter (304)
[2019.04.17-04.28.52:934][657]LogModuleManager: Shutting down and abandoning module PaperSpriteSheetImporter (302)
[2019.04.17-04.28.52:934][657]LogModuleManager: Shutting down and abandoning module Paper2DEditor (300)
[2019.04.17-04.28.52:934][657]LogModuleManager: Shutting down and abandoning module MeshPaint (299)
[2019.04.17-04.28.52:934][657]LogModuleManager: Shutting down and abandoning module Flocking (296)
[2019.04.17-04.28.52:934][657]LogModuleManager: Shutting down and abandoning module RuntimePhysXCooking (294)
[2019.04.17-04.28.52:934][657]LogModuleManager: Shutting down and abandoning module PhysXVehiclesEditor (292)
[2019.04.17-04.28.52:934][657]LogModuleManager: Shutting down and abandoning module PhysXVehicles (290)
[2019.04.17-04.28.52:934][657]LogModuleManager: Shutting down and abandoning module OculusEditor (288)
[2019.04.17-04.28.52:934][657]LogModuleManager: Shutting down and abandoning module LocationServicesBPLibrary (286)
[2019.04.17-04.28.52:934][657]LogModuleManager: Shutting down and abandoning module ActorSequence (284)
[2019.04.17-04.28.52:934][657]LogModuleManager: Shutting down and abandoning module UdpMessaging (282)
[2019.04.17-04.28.53:036][657]LogModuleManager: Shutting down and abandoning module TcpMessaging (280)
[2019.04.17-04.28.53:137][657]LogModuleManager: Shutting down and abandoning module MagicLeapAudio (278)
[2019.04.17-04.28.53:137][657]LogModuleManager: Shutting down and abandoning module GameplayTagsEditor (276)
[2019.04.17-04.28.53:137][657]LogModuleManager: Shutting down and abandoning module FacialAnimationEditor (274)
[2019.04.17-04.28.53:137][657]LogModuleManager: Shutting down and abandoning module FacialAnimation (272)
[2019.04.17-04.28.53:137][657]LogModuleManager: Shutting down and abandoning module DataValidation (270)
[2019.04.17-04.28.53:137][657]LogModuleManager: Shutting down and abandoning module AssetManagerEditor (268)
[2019.04.17-04.28.53:137][657]LogModuleManager: Shutting down and abandoning module LevelEditor (267)
[2019.04.17-04.28.53:140][657]LogModuleManager: Shutting down and abandoning module PixelInspectorModule (266)
[2019.04.17-04.28.53:141][657]LogModuleManager: Shutting down and abandoning module CommonMenuExtensions (264)
[2019.04.17-04.28.53:142][657]LogModuleManager: Shutting down and abandoning module MainFrame (262)
[2019.04.17-04.28.53:142][657]LogModuleManager: Shutting down and abandoning module HotReload (261)
[2019.04.17-04.28.53:143][657]LogModuleManager: Shutting down and abandoning module ContentBrowser (257)
[2019.04.17-04.28.53:145][657]LogModuleManager: Shutting down and abandoning module TreeMap (255)
[2019.04.17-04.28.53:145][657]LogModuleManager: Shutting down and abandoning module LightPropagationVolumeRuntime (252)
[2019.04.17-04.28.53:145][657]LogModuleManager: Shutting down and abandoning module AISupportModule (250)
[2019.04.17-04.28.53:145][657]LogModuleManager: Shutting down and abandoning module Paper2D (248)
[2019.04.17-04.28.53:145][657]LogModuleManager: Shutting down and abandoning module WindowsMoviePlayer (246)
[2019.04.17-04.28.53:145][657]LogModuleManager: Shutting down and abandoning module WebMMoviePlayer (244)
[2019.04.17-04.28.53:145][657]LogModuleManager: Shutting down and abandoning module WmfMedia (242)
[2019.04.17-04.28.53:149][657]LogModuleManager: Shutting down and abandoning module Media (241)
[2019.04.17-04.28.53:156][657]LogModuleManager: Shutting down and abandoning module PacketHandler (238)
[2019.04.17-04.28.53:156][657]LogModuleManager: Shutting down and abandoning module ClothingSystemEditor (236)
[2019.04.17-04.28.53:156][657]LogModuleManager: Shutting down and abandoning module ClothingSystemRuntime (234)
[2019.04.17-04.28.53:156][657]LogModuleManager: Shutting down and abandoning module MediaAssets (232)
[2019.04.17-04.28.53:156][657]LogModuleManager: Shutting down and abandoning module Overlay (230)
[2019.04.17-04.28.53:156][657]LogModuleManager: Shutting down and abandoning module OverlayEditor (229)
[2019.04.17-04.28.53:157][657]LogModuleManager: Shutting down and abandoning module VREditor (226)
[2019.04.17-04.28.53:157][657]LogModuleManager: Shutting down and abandoning module StringTableEditor (224)
[2019.04.17-04.28.53:157][657]LogModuleManager: Shutting down and abandoning module GameplayTasksEditor (222)
[2019.04.17-04.28.53:157][657]LogModuleManager: Shutting down and abandoning module BehaviorTreeEditor (220)
[2019.04.17-04.28.53:157][657]LogModuleManager: Shutting down and abandoning module FunctionalTesting (218)
[2019.04.17-04.28.53:157][657]LogModuleManager: Shutting down and abandoning module CollisionAnalyzer (216)
[2019.04.17-04.28.53:157][657]LogModuleManager: Shutting down and abandoning module WorkspaceMenuStructure (215)
[2019.04.17-04.28.53:157][657]LogModuleManager: Shutting down and abandoning module UMG (212)
[2019.04.17-04.28.53:157][657]LogModuleManager: Shutting down and abandoning module UMGEditor (211)
[2019.04.17-04.28.53:157][657]LogModuleManager: Shutting down and abandoning module Sequencer (210)
[2019.04.17-04.28.53:157][657]LogModuleManager: Shutting down and abandoning module MessageLog (207)
[2019.04.17-04.28.53:157][657]LogModuleManager: Shutting down and abandoning module SlateReflector (202)
[2019.04.17-04.28.53:157][657]LogModuleManager: Shutting down and abandoning module Slate (200)
[2019.04.17-04.28.53:157][657]LogModuleManager: Shutting down and abandoning module EditorStyle (198)
[2019.04.17-04.28.53:160][657]LogModuleManager: Shutting down and abandoning module MRMesh (196)
[2019.04.17-04.28.53:160][657]LogModuleManager: Shutting down and abandoning module SourceCodeAccess (194)
[2019.04.17-04.28.53:160][657]LogModuleManager: Shutting down and abandoning module HeadMountedDisplay (192)
[2019.04.17-04.28.53:160][657]LogModuleManager: Shutting down and abandoning module XAudio2 (190)
[2019.04.17-04.28.53:161][657]LogModuleManager: Shutting down and abandoning module Networking (188)
[2019.04.17-04.28.53:161][657]LogModuleManager: Shutting down and abandoning module Core (186)
[2019.04.17-04.28.53:161][657]LogModuleManager: Shutting down and abandoning module LevelSequence (184)
[2019.04.17-04.28.53:161][657]LogModuleManager: Shutting down and abandoning module KismetCompiler (182)
[2019.04.17-04.28.53:161][657]LogModuleManager: Shutting down and abandoning module MeshUtilities (180)
[2019.04.17-04.28.53:161][657]LogModuleManager: Shutting down and abandoning module MeshMergeUtilities (179)
[2019.04.17-04.28.53:161][657]LogModuleManager: Shutting down and abandoning module MeshReductionInterface (178)
[2019.04.17-04.28.53:161][657]LogModuleManager: Shutting down and abandoning module SimplygonSwarm (177)
[2019.04.17-04.28.53:161][657]LogModuleManager: Shutting down and abandoning module ProxyLODMeshReduction (175)
[2019.04.17-04.28.53:161][657]LogModuleManager: Shutting down and abandoning module SimplygonMeshReduction (173)
[2019.04.17-04.28.53:161][657]LogModuleManager: Shutting down and abandoning module QuadricMeshReduction (171)
[2019.04.17-04.28.53:161][657]LogModuleManager: Shutting down and abandoning module MaterialBaking (167)
[2019.04.17-04.28.53:161][657]LogModuleManager: Shutting down and abandoning module DirectoryWatcher (163)
[2019.04.17-04.28.53:161][657]LogModuleManager: Shutting down and abandoning module DerivedDataCache (160)
[2019.04.17-04.28.53:445][657]LogDerivedDataCache: Shutdown
[2019.04.17-04.28.53:445][657]LogModuleManager: Shutting down and abandoning module XGEController (158)
[2019.04.17-04.28.53:445][657]LogModuleManager: Shutting down and abandoning module TargetPlatform (156)
[2019.04.17-04.28.53:445][657]LogModuleManager: Shutting down and abandoning module VulkanShaderFormat (155)
[2019.04.17-04.28.53:445][657]LogModuleManager: Shutting down and abandoning module ShaderFormatVectorVM (153)
[2019.04.17-04.28.53:445][657]LogModuleManager: Shutting down and abandoning module ShaderFormatOpenGL (151)
[2019.04.17-04.28.53:445][657]LogModuleManager: Shutting down and abandoning module ShaderFormatD3D (149)
[2019.04.17-04.28.53:445][657]LogModuleManager: Shutting down and abandoning module MetalShaderFormat (147)
[2019.04.17-04.28.53:445][657]LogModuleManager: Shutting down and abandoning module TextureFormatUncompressed (145)
[2019.04.17-04.28.53:445][657]LogModuleManager: Shutting down and abandoning module TextureFormatPVR (143)
[2019.04.17-04.28.53:446][657]LogModuleManager: Shutting down and abandoning module TextureFormatDXT (141)
[2019.04.17-04.28.53:446][657]LogModuleManager: Shutting down and abandoning module TextureFormatIntelISPCTexComp (139)
[2019.04.17-04.28.53:446][657]LogModuleManager: Shutting down and abandoning module TextureFormatASTC (137)
[2019.04.17-04.28.53:446][657]LogModuleManager: Shutting down and abandoning module ImageWrapper (136)
[2019.04.17-04.28.53:446][657]LogModuleManager: Shutting down and abandoning module TextureFormatAndroid (133)
[2019.04.17-04.28.53:446][657]LogModuleManager: Shutting down and abandoning module AudioFormatOpus (131)
[2019.04.17-04.28.53:446][657]LogModuleManager: Shutting down and abandoning module AudioFormatOgg (129)
[2019.04.17-04.28.53:446][657]LogModuleManager: Shutting down and abandoning module AudioFormatADPCM (127)
[2019.04.17-04.28.53:446][657]LogModuleManager: Shutting down and abandoning module LuminTargetPlatform (125)
[2019.04.17-04.28.53:448][657]LogModuleManager: Shutting down and abandoning module LinuxTargetPlatform (123)
[2019.04.17-04.28.53:448][657]LogModuleManager: Shutting down and abandoning module LinuxServerTargetPlatform (121)
[2019.04.17-04.28.53:448][657]LogModuleManager: Shutting down and abandoning module LinuxNoEditorTargetPlatform (119)
[2019.04.17-04.28.53:448][657]LogModuleManager: Shutting down and abandoning module LinuxClientTargetPlatform (117)
[2019.04.17-04.28.53:448][657]LogModuleManager: Shutting down and abandoning module TVOSTargetPlatform (115)
[2019.04.17-04.28.53:448][657]LogModuleManager: Shutting down and abandoning module Messaging (113)
[2019.04.17-04.28.53:448][657]LogModuleManager: Shutting down and abandoning module IOSTargetPlatform (111)
[2019.04.17-04.28.53:449][657]LogModuleManager: Shutting down and abandoning module HTML5TargetPlatform (109)
[2019.04.17-04.28.53:449][657]LogModuleManager: Shutting down and abandoning module AndroidTargetPlatform (107)
[2019.04.17-04.28.53:455][657]LogModuleManager: Shutting down and abandoning module WindowsTargetPlatform (105)
[2019.04.17-04.28.53:455][657]LogModuleManager: Shutting down and abandoning module WindowsServerTargetPlatform (103)
[2019.04.17-04.28.53:455][657]LogModuleManager: Shutting down and abandoning module WindowsNoEditorTargetPlatform (101)
[2019.04.17-04.28.53:455][657]LogModuleManager: Shutting down and abandoning module WindowsClientTargetPlatform (99)
[2019.04.17-04.28.53:455][657]LogModuleManager: Shutting down and abandoning module MacTargetPlatform (97)
[2019.04.17-04.28.53:455][657]LogModuleManager: Shutting down and abandoning module MacServerTargetPlatform (95)
[2019.04.17-04.28.53:455][657]LogModuleManager: Shutting down and abandoning module MacNoEditorTargetPlatform (93)
[2019.04.17-04.28.53:455][657]LogModuleManager: Shutting down and abandoning module MacClientTargetPlatform (91)
[2019.04.17-04.28.53:455][657]LogModuleManager: Shutting down and abandoning module AllDesktopTargetPlatform (89)
[2019.04.17-04.28.53:455][657]LogModuleManager: Shutting down and abandoning module InputCore (86)
[2019.04.17-04.28.53:455][657]LogModuleManager: Shutting down and abandoning module Settings (84)
[2019.04.17-04.28.53:455][657]LogModuleManager: Shutting down and abandoning module PhysXCooking (82)
[2019.04.17-04.28.53:455][657]LogModuleManager: Shutting down and abandoning module SteamVR (80)
[2019.04.17-04.28.53:455][657]LogHMD: Freeing OpenVRDLLHandle.
[2019.04.17-04.28.53:455][657]LogModuleManager: Shutting down and abandoning module OculusHMD (78)
[2019.04.17-04.28.53:455][657]LogModuleManager: Shutting down and abandoning module ExampleDeviceProfileSelector (76)
[2019.04.17-04.28.53:455][657]LogModuleManager: Shutting down and abandoning module LauncherChunkInstaller (74)
[2019.04.17-04.28.53:455][657]LogModuleManager: Shutting down and abandoning module OnlineBlueprintSupport (72)
[2019.04.17-04.28.53:455][657]LogModuleManager: Shutting down and abandoning module OnlineSubsystem (68)
[2019.04.17-04.28.53:456][657]LogModuleManager: Shutting down and abandoning module XMPP (63)
[2019.04.17-04.28.53:456][657]LogModuleManager: Shutting down and abandoning module WebSockets (62)
[2019.04.17-04.28.53:478][657]LogModuleManager: Shutting down and abandoning module HTTP (59)
[2019.04.17-04.28.53:478][657]LogHttp: Display: Http module shutting down, but needs to wait on 1 outstanding Http requests:
[2019.04.17-04.28.53:478][657]LogHttp: Display: 	verb=[POST] url=[https://datarouter.ol.epicgames.com/datarouter/api/v1/public/data?SessionID=%7B31689B0F-45A4-C443-B720-E8819A9FEC7A%7D&AppID=UEEditor.Rocket.Release&AppVersion=4.21.2-4753647%2B%2B%2BUE4%2BRelease-4.21&UserID=ad37d1ff436ab36bcce99b9d84cb603e%7C7a3dfc31b2f9496495efa89d97eb9b7f%7C3de29d44-0eba-4e4d-b55d-b437c7f7ab71&AppEnvironment=datacollector-binary&UploadType=eteventstream] status=Processing
[2019.04.17-04.28.53:490][657]LogModuleManager: Shutting down and abandoning module SSL (58)
[2019.04.17-04.28.53:491][657]LogModuleManager: Shutting down and abandoning module MagicLeapIdentity (54)
[2019.04.17-04.28.53:491][657]LogModuleManager: Shutting down and abandoning module MagicLeapHelperVulkan (52)
[2019.04.17-04.28.53:491][657]LogModuleManager: Shutting down and abandoning module MagicLeapHelperOpenGL (50)
[2019.04.17-04.28.53:491][657]LogModuleManager: Shutting down and abandoning module MagicLeapSecureStorage (48)
[2019.04.17-04.28.53:491][657]LogModuleManager: Shutting down and abandoning module MagicLeapHandTracking (46)
[2019.04.17-04.28.53:491][657]LogModuleManager: Shutting down and abandoning module MagicLeapEyeTracker (44)
[2019.04.17-04.28.53:491][657]LogModuleManager: Shutting down and abandoning module MagicLeapController (42)
[2019.04.17-04.28.53:491][657]LogSlate: Slate User Destroyed.  User Index 0, Is Virtual User: 0
[2019.04.17-04.28.53:491][657]LogModuleManager: Shutting down and abandoning module MagicLeap (40)
[2019.04.17-04.28.53:491][657]LogModuleManager: Shutting down and abandoning module DatasmithContent (38)
[2019.04.17-04.28.53:491][657]LogModuleManager: Shutting down and abandoning module AnimationModifiers (36)
[2019.04.17-04.28.53:491][657]LogModuleManager: Shutting down and abandoning module PropertyEditor (35)
[2019.04.17-04.28.53:491][657]LogModuleManager: Shutting down and abandoning module AudioEditor (32)
[2019.04.17-04.28.53:491][657]LogModuleManager: Shutting down and abandoning module TextureCompressor (30)
[2019.04.17-04.28.53:491][657]LogModuleManager: Shutting down and abandoning module ShaderCore (28)
[2019.04.17-04.28.53:492][657]LogModuleManager: Shutting down and abandoning module Landscape (26)
[2019.04.17-04.28.53:492][657]LogModuleManager: Shutting down and abandoning module SlateRHIRenderer (24)
[2019.04.17-04.28.53:492][657]LogModuleManager: Shutting down and abandoning module OpenGLDrv (22)
[2019.04.17-04.28.53:492][657]LogModuleManager: Shutting down and abandoning module D3D11RHI (20)
[2019.04.17-04.28.53:492][657]LogModuleManager: Shutting down and abandoning module AnimGraphRuntime (18)
[2019.04.17-04.28.53:492][657]LogModuleManager: Shutting down and abandoning module Renderer (16)
[2019.04.17-04.28.53:492][657]LogModuleManager: Shutting down and abandoning module Engine (14)
[2019.04.17-04.28.53:492][657]LogModuleManager: Shutting down and abandoning module CoreUObject (12)
[2019.04.17-04.28.53:492][657]LogModuleManager: Shutting down and abandoning module NetworkFile (10)
[2019.04.17-04.28.53:492][657]LogModuleManager: Shutting down and abandoning module CookedIterativeFile (8)
[2019.04.17-04.28.53:492][657]LogModuleManager: Shutting down and abandoning module StreamingFile (6)
[2019.04.17-04.28.53:492][657]LogModuleManager: Shutting down and abandoning module SandboxFile (4)
[2019.04.17-04.28.53:492][657]LogModuleManager: Shutting down and abandoning module PakFile (2)
[2019.04.17-04.28.53:501][657]LogExit: Exiting.
[2019.04.17-04.28.53:513][657]Log file closed, 04/17/19 14:28:53
